This file contains any messages produced by compilers while
running configure, to aid debugging if configure makes a mistake.

It was created by configure, which was
generated by GNU Autoconf 2.59.  Invocation command line was

  $ ./configure 

## --------- ##
## Platform. ##
## --------- ##

hostname = eric
uname -m = i686
uname -r = 3.7.9-104.fc17.i686
uname -s = Linux
uname -v = #1 SMP Sun Feb 24 19:33:52 UTC 2013

/usr/bin/uname -p = i686
/bin/uname -X     = unknown

/bin/arch              = i686
/usr/bin/arch -k       = unknown
/usr/convex/getsysinfo = unknown
hostinfo               = unknown
/bin/machine           = unknown
/usr/bin/oslevel       = unknown
/bin/universe          = unknown

PATH: /home/eric/ns/ns-allinone-2.29/tcl8.4.11/unix
PATH: /home/eric/ns/ns-allinone-2.29/tk8.4.11/unix
PATH: /home/eric/ns/ns-allinone-2.29/bin
PATH: /usr/lib/qt-3.3/bin
PATH: /usr/local/bin
PATH: /usr/bin
PATH: /bin
PATH: /usr/local/sbin
PATH: /usr/sbin
PATH: /home/eric/ns/ns-allinone-2.29/bin
PATH: /home/eric/ns/ns-allinone-2.29/tcl8.4.11/unix
PATH: /home/eric/ns/ns-allinone-2.29/tk8.4.11/unix
PATH: /home/eric/.local/bin
PATH: /home/eric/bin
PATH: /home/eric/ns/ns-allinone-2.29/bin
PATH: /home/eric/ns/ns-allinone-2.29/tcl8.4.11/unix
PATH: /home/eric/ns/ns-allinone-2.29/tk8.4.11/unix


## ----------- ##
## Core tests. ##
## ----------- ##

configure:1443: checking build system type
configure:1461: result: i686-pc-linux-gnu
configure:1469: checking host system type
configure:1483: result: i686-pc-linux-gnu
configure:1491: checking target system type
configure:1505: result: i686-pc-linux-gnu
configure:1566: checking for gcc
configure:1582: found /usr/bin/gcc
configure:1592: result: gcc
configure:1836: checking for C compiler version
configure:1839: gcc --version </dev/null >&5
gcc (GCC) 4.1.2
Copyright (C) 2006 Free Software Foundation, Inc.
This is free software; see the source for copying conditions.  There is NO
warranty; not even for MERCHANTABILITY or FITNESS FOR A PARTICULAR PURPOSE.

configure:1842: $? = 0
configure:1844: gcc -v </dev/null >&5
Using built-in specs.
Target: i686-pc-linux-gnu
Configured with: ./configure --prefix=/usr/local/gcc-4.1.2/ --enable-threads=posix --disable-checking --enable--long-long --enable-languages=c,c++,java --no-create --no-recursion
Thread model: posix
gcc version 4.1.2
configure:1847: $? = 0
configure:1849: gcc -V </dev/null >&5
gcc: '-V' option must have argument
configure:1852: $? = 1
configure:1875: checking for C compiler default output file name
configure:1878: gcc    conftest.c  >&5
configure:1881: $? = 0
configure:1927: result: a.out
configure:1932: checking whether the C compiler works
configure:1938: ./a.out
configure:1941: $? = 0
configure:1958: result: yes
configure:1965: checking whether we are cross compiling
configure:1967: result: no
configure:1970: checking for suffix of executables
configure:1972: gcc -o conftest    conftest.c  >&5
configure:1975: $? = 0
configure:2000: result: 
configure:2006: checking for suffix of object files
configure:2027: gcc -c   conftest.c >&5
configure:2030: $? = 0
configure:2052: result: o
configure:2056: checking whether we are using the GNU C compiler
configure:2080: gcc -c   conftest.c >&5
configure:2086: $? = 0
configure:2089: test -z 			 || test ! -s conftest.err
configure:2092: $? = 0
configure:2095: test -s conftest.o
configure:2098: $? = 0
configure:2111: result: yes
configure:2117: checking whether gcc accepts -g
configure:2138: gcc -c -g  conftest.c >&5
configure:2144: $? = 0
configure:2147: test -z 			 || test ! -s conftest.err
configure:2150: $? = 0
configure:2153: test -s conftest.o
configure:2156: $? = 0
configure:2167: result: yes
configure:2184: checking for gcc option to accept ANSI C
configure:2254: gcc  -c -g -O2  conftest.c >&5
configure:2260: $? = 0
configure:2263: test -z 			 || test ! -s conftest.err
configure:2266: $? = 0
configure:2269: test -s conftest.o
configure:2272: $? = 0
configure:2290: result: none needed
configure:2308: gcc -c -g -O2  conftest.c >&5
conftest.c:2: error: expected '=', ',', ';', 'asm' or '__attribute__' before 'me'
configure:2314: $? = 1
configure: failed program was:
| #ifndef __cplusplus
|   choke me
| #endif
configure:2496: checking for g++
configure:2512: found /usr/bin/g++
configure:2522: result: g++
configure:2538: checking for C++ compiler version
configure:2541: g++ --version </dev/null >&5
g++ (GCC) 4.1.2
Copyright (C) 2006 Free Software Foundation, Inc.
This is free software; see the source for copying conditions.  There is NO
warranty; not even for MERCHANTABILITY or FITNESS FOR A PARTICULAR PURPOSE.

configure:2544: $? = 0
configure:2546: g++ -v </dev/null >&5
Using built-in specs.
Target: i686-pc-linux-gnu
Configured with: ./configure --prefix=/usr/local/gcc-4.1.2/ --enable-threads=posix --disable-checking --enable--long-long --enable-languages=c,c++,java --no-create --no-recursion
Thread model: posix
gcc version 4.1.2
configure:2549: $? = 0
configure:2551: g++ -V </dev/null >&5
g++: '-V' option must have argument
configure:2554: $? = 1
configure:2557: checking whether we are using the GNU C++ compiler
configure:2581: g++ -c   conftest.cc >&5
configure:2587: $? = 0
configure:2590: test -z 			 || test ! -s conftest.err
configure:2593: $? = 0
configure:2596: test -s conftest.o
configure:2599: $? = 0
configure:2612: result: yes
configure:2618: checking whether g++ accepts -g
configure:2639: g++ -c -g  conftest.cc >&5
configure:2645: $? = 0
configure:2648: test -z 			 || test ! -s conftest.err
configure:2651: $? = 0
configure:2654: test -s conftest.o
configure:2657: $? = 0
configure:2668: result: yes
configure:2710: g++ -c -g -O2  conftest.cc >&5
configure:2716: $? = 0
configure:2719: test -z 			 || test ! -s conftest.err
configure:2722: $? = 0
configure:2725: test -s conftest.o
configure:2728: $? = 0
configure:2754: g++ -c -g -O2  conftest.cc >&5
conftest.cc: In function 'int main()':
conftest.cc:14: error: 'exit' was not declared in this scope
configure:2760: $? = 1
configure: failed program was:
| /* confdefs.h.  */
| 
| #define PACKAGE_NAME ""
| #define PACKAGE_TARNAME ""
| #define PACKAGE_VERSION ""
| #define PACKAGE_STRING ""
| #define PACKAGE_BUGREPORT ""
| #define _GNU_SOURCE 1
| /* end confdefs.h.  */
| 
| int
| main ()
| {
| exit (42);
|   ;
|   return 0;
| }
configure:2710: g++ -c -g -O2  conftest.cc >&5
configure:2716: $? = 0
configure:2719: test -z 			 || test ! -s conftest.err
configure:2722: $? = 0
configure:2725: test -s conftest.o
configure:2728: $? = 0
configure:2754: g++ -c -g -O2  conftest.cc >&5
configure:2760: $? = 0
configure:2763: test -z 			 || test ! -s conftest.err
configure:2766: $? = 0
configure:2769: test -s conftest.o
configure:2772: $? = 0
configure:2801: checking how to run the C preprocessor
configure:2836: gcc -E  conftest.c
configure:2842: $? = 0
configure:2874: gcc -E  conftest.c
conftest.c:13:28: error: ac_nonexistent.h: No such file or directory
configure:2880: $? = 1
configure: failed program was:
| /* confdefs.h.  */
| 
| #define PACKAGE_NAME ""
| #define PACKAGE_TARNAME ""
| #define PACKAGE_VERSION ""
| #define PACKAGE_STRING ""
| #define PACKAGE_BUGREPORT ""
| #define _GNU_SOURCE 1
| #ifdef __cplusplus
| extern "C" void std::exit (int) throw (); using std::exit;
| #endif
| /* end confdefs.h.  */
| #include <ac_nonexistent.h>
configure:2919: result: gcc -E
configure:2943: gcc -E  conftest.c
configure:2949: $? = 0
configure:2981: gcc -E  conftest.c
conftest.c:13:28: error: ac_nonexistent.h: No such file or directory
configure:2987: $? = 1
configure: failed program was:
| /* confdefs.h.  */
| 
| #define PACKAGE_NAME ""
| #define PACKAGE_TARNAME ""
| #define PACKAGE_VERSION ""
| #define PACKAGE_STRING ""
| #define PACKAGE_BUGREPORT ""
| #define _GNU_SOURCE 1
| #ifdef __cplusplus
| extern "C" void std::exit (int) throw (); using std::exit;
| #endif
| /* end confdefs.h.  */
| #include <ac_nonexistent.h>
configure:3031: checking for egrep
configure:3041: result: grep -E
configure:3046: checking for ANSI C header files
configure:3071: gcc -c -g -O2  conftest.c >&5
configure:3077: $? = 0
configure:3080: test -z 			 || test ! -s conftest.err
configure:3083: $? = 0
configure:3086: test -s conftest.o
configure:3089: $? = 0
configure:3178: gcc -o conftest -g -O2   conftest.c  >&5
conftest.c: In function 'main':
conftest.c:30: warning: incompatible implicit declaration of built-in function 'exit'
configure:3181: $? = 0
configure:3183: ./conftest
configure:3186: $? = 0
configure:3201: result: yes
configure:3225: checking for sys/types.h
configure:3241: gcc -c -g -O2  conftest.c >&5
configure:3247: $? = 0
configure:3250: test -z 			 || test ! -s conftest.err
configure:3253: $? = 0
configure:3256: test -s conftest.o
configure:3259: $? = 0
configure:3270: result: yes
configure:3225: checking for sys/stat.h
configure:3241: gcc -c -g -O2  conftest.c >&5
configure:3247: $? = 0
configure:3250: test -z 			 || test ! -s conftest.err
configure:3253: $? = 0
configure:3256: test -s conftest.o
configure:3259: $? = 0
configure:3270: result: yes
configure:3225: checking for stdlib.h
configure:3241: gcc -c -g -O2  conftest.c >&5
configure:3247: $? = 0
configure:3250: test -z 			 || test ! -s conftest.err
configure:3253: $? = 0
configure:3256: test -s conftest.o
configure:3259: $? = 0
configure:3270: result: yes
configure:3225: checking for string.h
configure:3241: gcc -c -g -O2  conftest.c >&5
configure:3247: $? = 0
configure:3250: test -z 			 || test ! -s conftest.err
configure:3253: $? = 0
configure:3256: test -s conftest.o
configure:3259: $? = 0
configure:3270: result: yes
configure:3225: checking for memory.h
configure:3241: gcc -c -g -O2  conftest.c >&5
configure:3247: $? = 0
configure:3250: test -z 			 || test ! -s conftest.err
configure:3253: $? = 0
configure:3256: test -s conftest.o
configure:3259: $? = 0
configure:3270: result: yes
configure:3225: checking for strings.h
configure:3241: gcc -c -g -O2  conftest.c >&5
configure:3247: $? = 0
configure:3250: test -z 			 || test ! -s conftest.err
configure:3253: $? = 0
configure:3256: test -s conftest.o
configure:3259: $? = 0
configure:3270: result: yes
configure:3225: checking for inttypes.h
configure:3241: gcc -c -g -O2  conftest.c >&5
configure:3247: $? = 0
configure:3250: test -z 			 || test ! -s conftest.err
configure:3253: $? = 0
configure:3256: test -s conftest.o
configure:3259: $? = 0
configure:3270: result: yes
configure:3225: checking for stdint.h
configure:3241: gcc -c -g -O2  conftest.c >&5
configure:3247: $? = 0
configure:3250: test -z 			 || test ! -s conftest.err
configure:3253: $? = 0
configure:3256: test -s conftest.o
configure:3259: $? = 0
configure:3270: result: yes
configure:3225: checking for unistd.h
configure:3241: gcc -c -g -O2  conftest.c >&5
configure:3247: $? = 0
configure:3250: test -z 			 || test ! -s conftest.err
configure:3253: $? = 0
configure:3256: test -s conftest.o
configure:3259: $? = 0
configure:3270: result: yes
configure:3287: checking for string.h
configure:3292: result: yes
configure:3441: checking for main in -lXbsd
configure:3465: gcc -o conftest -g -O2   conftest.c -lXbsd   >&5
/usr/bin/ld: cannot find -lXbsd
collect2: ld returned 1 exit status
configure:3471: $? = 1
configure: failed program was:
| /* confdefs.h.  */
| 
| #define PACKAGE_NAME ""
| #define PACKAGE_TARNAME ""
| #define PACKAGE_VERSION ""
| #define PACKAGE_STRING ""
| #define PACKAGE_BUGREPORT ""
| #define _GNU_SOURCE 1
| #ifdef __cplusplus
| extern "C" void std::exit (int) throw (); using std::exit;
| #endif
| #define STDC_HEADERS 1
| #define HAVE_SYS_TYPES_H 1
| #define HAVE_SYS_STAT_H 1
| #define HAVE_STDLIB_H 1
| #define HAVE_STRING_H 1
| #define HAVE_MEMORY_H 1
| #define HAVE_STRINGS_H 1
| #define HAVE_INTTYPES_H 1
| #define HAVE_STDINT_H 1
| #define HAVE_UNISTD_H 1
| #define HAVE_STRING_H 1
| /* end confdefs.h.  */
| 
| 
| int
| main ()
| {
| main ();
|   ;
|   return 0;
| }
configure:3496: result: no
configure:3502: checking for socket in -lsocket
configure:3532: gcc -o conftest -g -O2   conftest.c -lsocket   >&5
/usr/bin/ld: cannot find -lsocket
collect2: ld returned 1 exit status
configure:3538: $? = 1
configure: failed program was:
| /* confdefs.h.  */
| 
| #define PACKAGE_NAME ""
| #define PACKAGE_TARNAME ""
| #define PACKAGE_VERSION ""
| #define PACKAGE_STRING ""
| #define PACKAGE_BUGREPORT ""
| #define _GNU_SOURCE 1
| #ifdef __cplusplus
| extern "C" void std::exit (int) throw (); using std::exit;
| #endif
| #define STDC_HEADERS 1
| #define HAVE_SYS_TYPES_H 1
| #define HAVE_SYS_STAT_H 1
| #define HAVE_STDLIB_H 1
| #define HAVE_STRING_H 1
| #define HAVE_MEMORY_H 1
| #define HAVE_STRINGS_H 1
| #define HAVE_INTTYPES_H 1
| #define HAVE_STDINT_H 1
| #define HAVE_UNISTD_H 1
| #define HAVE_STRING_H 1
| /* end confdefs.h.  */
| 
| /* Override any gcc2 internal prototype to avoid an error.  */
| #ifdef __cplusplus
| extern "C"
| #endif
| /* We use char because int might match the return type of a gcc2
|    builtin and then its argument prototype would still apply.  */
| char socket ();
| int
| main ()
| {
| socket ();
|   ;
|   return 0;
| }
configure:3563: result: no
configure:3569: checking for gethostbyname in -lnsl
configure:3599: gcc -o conftest -g -O2   conftest.c -lnsl   >&5
configure:3605: $? = 0
configure:3608: test -z 			 || test ! -s conftest.err
configure:3611: $? = 0
configure:3614: test -s conftest
configure:3617: $? = 0
configure:3630: result: yes
configure:3636: checking for dcgettext in -lintl
configure:3666: gcc -o conftest -g -O2   conftest.c -lintl   >&5
conftest.c:31: warning: conflicting types for built-in function 'dcgettext'
/usr/bin/ld: cannot find -lintl
collect2: ld returned 1 exit status
configure:3672: $? = 1
configure: failed program was:
| /* confdefs.h.  */
| 
| #define PACKAGE_NAME ""
| #define PACKAGE_TARNAME ""
| #define PACKAGE_VERSION ""
| #define PACKAGE_STRING ""
| #define PACKAGE_BUGREPORT ""
| #define _GNU_SOURCE 1
| #ifdef __cplusplus
| extern "C" void std::exit (int) throw (); using std::exit;
| #endif
| #define STDC_HEADERS 1
| #define HAVE_SYS_TYPES_H 1
| #define HAVE_SYS_STAT_H 1
| #define HAVE_STDLIB_H 1
| #define HAVE_STRING_H 1
| #define HAVE_MEMORY_H 1
| #define HAVE_STRINGS_H 1
| #define HAVE_INTTYPES_H 1
| #define HAVE_STDINT_H 1
| #define HAVE_UNISTD_H 1
| #define HAVE_STRING_H 1
| /* end confdefs.h.  */
| 
| /* Override any gcc2 internal prototype to avoid an error.  */
| #ifdef __cplusplus
| extern "C"
| #endif
| /* We use char because int might match the return type of a gcc2
|    builtin and then its argument prototype would still apply.  */
| char dcgettext ();
| int
| main ()
| {
| dcgettext ();
|   ;
|   return 0;
| }
configure:3697: result: no
configure:3703: checking for getnodebyname in -ldnet_stub
configure:3733: gcc -o conftest -g -O2   conftest.c -ldnet_stub   >&5
/usr/bin/ld: cannot find -ldnet_stub
collect2: ld returned 1 exit status
configure:3739: $? = 1
configure: failed program was:
| /* confdefs.h.  */
| 
| #define PACKAGE_NAME ""
| #define PACKAGE_TARNAME ""
| #define PACKAGE_VERSION ""
| #define PACKAGE_STRING ""
| #define PACKAGE_BUGREPORT ""
| #define _GNU_SOURCE 1
| #ifdef __cplusplus
| extern "C" void std::exit (int) throw (); using std::exit;
| #endif
| #define STDC_HEADERS 1
| #define HAVE_SYS_TYPES_H 1
| #define HAVE_SYS_STAT_H 1
| #define HAVE_STDLIB_H 1
| #define HAVE_STRING_H 1
| #define HAVE_MEMORY_H 1
| #define HAVE_STRINGS_H 1
| #define HAVE_INTTYPES_H 1
| #define HAVE_STDINT_H 1
| #define HAVE_UNISTD_H 1
| #define HAVE_STRING_H 1
| /* end confdefs.h.  */
| 
| /* Override any gcc2 internal prototype to avoid an error.  */
| #ifdef __cplusplus
| extern "C"
| #endif
| /* We use char because int might match the return type of a gcc2
|    builtin and then its argument prototype would still apply.  */
| char getnodebyname ();
| int
| main ()
| {
| getnodebyname ();
|   ;
|   return 0;
| }
configure:3764: result: no
configure:3810: checking that g++ can handle -O2
configure:3836: gcc -c -g -O2  conftest.c >&5
conftest.c: In function 'main':
conftest.c:30: error: 'error' undeclared (first use in this function)
conftest.c:30: error: (Each undeclared identifier is reported only once
conftest.c:30: error: for each function it appears in.)
conftest.c:34: error: expected ';' before 'int'
configure:3842: $? = 1
configure: failed program was:
| /* confdefs.h.  */
| 
| #define PACKAGE_NAME ""
| #define PACKAGE_TARNAME ""
| #define PACKAGE_VERSION ""
| #define PACKAGE_STRING ""
| #define PACKAGE_BUGREPORT ""
| #define _GNU_SOURCE 1
| #ifdef __cplusplus
| extern "C" void std::exit (int) throw (); using std::exit;
| #endif
| #define STDC_HEADERS 1
| #define HAVE_SYS_TYPES_H 1
| #define HAVE_SYS_STAT_H 1
| #define HAVE_STDLIB_H 1
| #define HAVE_STRING_H 1
| #define HAVE_MEMORY_H 1
| #define HAVE_STRINGS_H 1
| #define HAVE_INTTYPES_H 1
| #define HAVE_STDINT_H 1
| #define HAVE_UNISTD_H 1
| #define HAVE_STRING_H 1
| /* end confdefs.h.  */
| 
| int
| main ()
| {
| #if __GNUC__ < 2  || __GNUC_MINOR__ < 8
| 		/* gcc */
| 		error
| 		#endif
| 		#if __GNUC_MINOR__ < 92
| 		/* egcs */
| 		int error;
| 		#endif
| 
|   ;
|   return 0;
| }
configure:3864: result: no
configure:3982: checking if C++ libraries work without any namespace
configure:4003: g++ -c -g -O2  conftest.cc >&5
conftest.cc: In function 'int main()':
conftest.cc:29: error: 'cout' was not declared in this scope
configure:4009: $? = 1
configure: failed program was:
| /* confdefs.h.  */
| 
| #define PACKAGE_NAME ""
| #define PACKAGE_TARNAME ""
| #define PACKAGE_VERSION ""
| #define PACKAGE_STRING ""
| #define PACKAGE_BUGREPORT ""
| #define _GNU_SOURCE 1
| #ifdef __cplusplus
| extern "C" void std::exit (int) throw (); using std::exit;
| #endif
| #define STDC_HEADERS 1
| #define HAVE_SYS_TYPES_H 1
| #define HAVE_SYS_STAT_H 1
| #define HAVE_STDLIB_H 1
| #define HAVE_STRING_H 1
| #define HAVE_MEMORY_H 1
| #define HAVE_STRINGS_H 1
| #define HAVE_INTTYPES_H 1
| #define HAVE_STDINT_H 1
| #define HAVE_UNISTD_H 1
| #define HAVE_STRING_H 1
| /* end confdefs.h.  */
| #include <iostream>
| 
| int
| main ()
| {
| cout.fail();
| 
|   ;
|   return 0;
| }
configure:4031: result: no
configure:4039: checking if C++ libraries work with namespace std
configure:4060: g++ -c -g -O2  conftest.cc >&5
configure:4066: $? = 0
configure:4069: test -z 			 || test ! -s conftest.err
configure:4072: $? = 0
configure:4075: test -s conftest.o
configure:4078: $? = 0
configure:4080: result: yes
configure:4097: checking if STL works without any namespace
configure:4117: g++ -c -g -O2  conftest.cc >&5
conftest.cc: In function 'int main()':
conftest.cc:29: error: 'list' was not declared in this scope
conftest.cc:29: error: expected primary-expression before 'int'
conftest.cc:29: error: expected `;' before 'int'
configure:4123: $? = 1
configure: failed program was:
| /* confdefs.h.  */
| 
| #define PACKAGE_NAME ""
| #define PACKAGE_TARNAME ""
| #define PACKAGE_VERSION ""
| #define PACKAGE_STRING ""
| #define PACKAGE_BUGREPORT ""
| #define _GNU_SOURCE 1
| #ifdef __cplusplus
| extern "C" void std::exit (int) throw (); using std::exit;
| #endif
| #define STDC_HEADERS 1
| #define HAVE_SYS_TYPES_H 1
| #define HAVE_SYS_STAT_H 1
| #define HAVE_STDLIB_H 1
| #define HAVE_STRING_H 1
| #define HAVE_MEMORY_H 1
| #define HAVE_STRINGS_H 1
| #define HAVE_INTTYPES_H 1
| #define HAVE_STDINT_H 1
| #define HAVE_UNISTD_H 1
| #define HAVE_STRING_H 1
| /* end confdefs.h.  */
| #include <list>
| 
| int
| main ()
| {
| list<int> test;
| 
|   ;
|   return 0;
| }
configure:4145: result: no
configure:4153: checking if STL works with namespace std
configure:4174: g++ -c -g -O2  conftest.cc >&5
configure:4180: $? = 0
configure:4183: test -z 			 || test ! -s conftest.err
configure:4186: $? = 0
configure:4189: test -s conftest.o
configure:4192: $? = 0
configure:4194: result: yes
configure:4274: checking should use STL
configure:4299: result: yes
configure:4522: checking for tcl.h
configure:4575: result: -I../include
configure:4581: checking for libtcl8.4
configure:4645: result: -L../lib -ltcl8.4
configure:4651: checking for init.tcl
configure:4690: result: ../lib/tcl8.4
configure:4707: checking for tclsh8.4.11
configure:4740: result: no
configure:4707: checking for tclsh8.4
configure:4725: found ../bin/tclsh8.4
configure:4737: result: ../bin/tclsh8.4
configure:4965: checking for tk.h
configure:5018: result: -I../include
configure:5024: checking for libtk8.4
configure:5088: result: -L../lib -ltk8.4
configure:5094: checking for tk.tcl
configure:5133: result: ../lib/tk8.4
configure:5232: checking for otcl.h
configure:5285: result: -I../otcl-1.11
configure:5291: checking for libotcl1.11
configure:5355: result: -L../otcl-1.11 -lotcl
configure:5482: checking for tclcl.h
configure:5535: result: -I../tclcl-1.17
configure:5541: checking for libtclcl
configure:5605: result: -L../tclcl-1.17 -ltclcl
configure:5611: checking for tcl2c++
configure:5650: result: ../tclcl-1.17
configure:5850: checking for libtcldbg
configure:5895: result: no
configure:6005: checking dmalloc
configure:6007: result: not requested with --with-dmalloc
configure:6288: checking for perl
configure:6327: result: /usr/bin
/usr/bin/perl -e require 5.002
configure:6436: checking for ANSI C header files
configure:6591: result: yes
configure:6623: checking arpa/inet.h usability
configure:6635: gcc -c -g -O2  conftest.c >&5
configure:6641: $? = 0
configure:6644: test -z 			 || test ! -s conftest.err
configure:6647: $? = 0
configure:6650: test -s conftest.o
configure:6653: $? = 0
configure:6663: result: yes
configure:6667: checking arpa/inet.h presence
configure:6677: gcc -E  conftest.c
configure:6683: $? = 0
configure:6703: result: yes
configure:6738: checking for arpa/inet.h
configure:6745: result: yes
configure:6623: checking fenv.h usability
configure:6635: gcc -c -g -O2  conftest.c >&5
configure:6641: $? = 0
configure:6644: test -z 			 || test ! -s conftest.err
configure:6647: $? = 0
configure:6650: test -s conftest.o
configure:6653: $? = 0
configure:6663: result: yes
configure:6667: checking fenv.h presence
configure:6677: gcc -E  conftest.c
configure:6683: $? = 0
configure:6703: result: yes
configure:6738: checking for fenv.h
configure:6745: result: yes
configure:6623: checking netinet/in.h usability
configure:6635: gcc -c -g -O2  conftest.c >&5
configure:6641: $? = 0
configure:6644: test -z 			 || test ! -s conftest.err
configure:6647: $? = 0
configure:6650: test -s conftest.o
configure:6653: $? = 0
configure:6663: result: yes
configure:6667: checking netinet/in.h presence
configure:6677: gcc -E  conftest.c
configure:6683: $? = 0
configure:6703: result: yes
configure:6738: checking for netinet/in.h
configure:6745: result: yes
configure:6614: checking for string.h
configure:6619: result: yes
configure:6614: checking for strings.h
configure:6619: result: yes
configure:6623: checking time.h usability
configure:6635: gcc -c -g -O2  conftest.c >&5
configure:6641: $? = 0
configure:6644: test -z 			 || test ! -s conftest.err
configure:6647: $? = 0
configure:6650: test -s conftest.o
configure:6653: $? = 0
configure:6663: result: yes
configure:6667: checking time.h presence
configure:6677: gcc -E  conftest.c
configure:6683: $? = 0
configure:6703: result: yes
configure:6738: checking for time.h
configure:6745: result: yes
configure:6614: checking for unistd.h
configure:6619: result: yes
configure:6623: checking net/ethernet.h usability
configure:6635: gcc -c -g -O2  conftest.c >&5
configure:6641: $? = 0
configure:6644: test -z 			 || test ! -s conftest.err
configure:6647: $? = 0
configure:6650: test -s conftest.o
configure:6653: $? = 0
configure:6663: result: yes
configure:6667: checking net/ethernet.h presence
configure:6677: gcc -E  conftest.c
configure:6683: $? = 0
configure:6703: result: yes
configure:6738: checking for net/ethernet.h
configure:6745: result: yes
configure:6759: checking for main in -lm
configure:6783: gcc -o conftest -g -O2   conftest.c -lm   >&5
configure:6789: $? = 0
configure:6792: test -z 			 || test ! -s conftest.err
configure:6795: $? = 0
configure:6798: test -s conftest
configure:6801: $? = 0
configure:6814: result: yes
configure:6839: checking for bcopy
configure:6896: gcc -o conftest -g -O2   conftest.c -lm  >&5
conftest.c:68: warning: conflicting types for built-in function 'bcopy'
configure:6902: $? = 0
configure:6905: test -z 			 || test ! -s conftest.err
configure:6908: $? = 0
configure:6911: test -s conftest
configure:6914: $? = 0
configure:6926: result: yes
configure:6839: checking for bzero
configure:6896: gcc -o conftest -g -O2   conftest.c -lm  >&5
conftest.c:69: warning: conflicting types for built-in function 'bzero'
configure:6902: $? = 0
configure:6905: test -z 			 || test ! -s conftest.err
configure:6908: $? = 0
configure:6911: test -s conftest
configure:6914: $? = 0
configure:6926: result: yes
configure:6839: checking for fesetprecision
configure:6896: gcc -o conftest -g -O2   conftest.c -lm  >&5
/tmp/ccGo5V1i.o: In function `main':
/home/eric/ns/ns-allinone-2.29/ns-2.29/conftest.c:85: undefined reference to `fesetprecision'
/tmp/ccGo5V1i.o:(.data+0x0): undefined reference to `fesetprecision'
collect2: ld returned 1 exit status
configure:6902: $? = 1
configure: failed program was:
| /* confdefs.h.  */
| 
| #define PACKAGE_NAME ""
| #define PACKAGE_TARNAME ""
| #define PACKAGE_VERSION ""
| #define PACKAGE_STRING ""
| #define PACKAGE_BUGREPORT ""
| #define _GNU_SOURCE 1
| #ifdef __cplusplus
| extern "C" void std::exit (int) throw (); using std::exit;
| #endif
| #define STDC_HEADERS 1
| #define HAVE_SYS_TYPES_H 1
| #define HAVE_SYS_STAT_H 1
| #define HAVE_STDLIB_H 1
| #define HAVE_STRING_H 1
| #define HAVE_MEMORY_H 1
| #define HAVE_STRINGS_H 1
| #define HAVE_INTTYPES_H 1
| #define HAVE_STDINT_H 1
| #define HAVE_UNISTD_H 1
| #define HAVE_STRING_H 1
| #define HAVE_STL 1
| #define CPP_REQUIRES_NAMESPACE 1
| #define HAVE_TCL_H 1
| #define HAVE_LIBTCL8_4 1
| #define HAVE_TK_H 1
| #define HAVE_LIBTK8_4 1
| #define HAVE_OTCL_H 1
| #define HAVE_LIBOTCL1_11 1
| #define HAVE_TCLCL_H 1
| #define HAVE_LIBTCLCL 1
| #define STDC_HEADERS 1
| #define HAVE_ARPA_INET_H 1
| #define HAVE_FENV_H 1
| #define HAVE_NETINET_IN_H 1
| #define HAVE_STRING_H 1
| #define HAVE_STRINGS_H 1
| #define HAVE_TIME_H 1
| #define HAVE_UNISTD_H 1
| #define HAVE_NET_ETHERNET_H 1
| #define HAVE_LIBM 1
| #define HAVE_BCOPY 1
| #define HAVE_BZERO 1
| /* end confdefs.h.  */
| /* Define fesetprecision to an innocuous variant, in case <limits.h> declares fesetprecision.
|    For example, HP-UX 11i <limits.h> declares gettimeofday.  */
| #define fesetprecision innocuous_fesetprecision
| 
| /* System header to define __stub macros and hopefully few prototypes,
|     which can conflict with char fesetprecision (); below.
|     Prefer <limits.h> to <assert.h> if __STDC__ is defined, since
|     <limits.h> exists even on freestanding compilers.  */
| 
| #ifdef __STDC__
| # include <limits.h>
| #else
| # include <assert.h>
| #endif
| 
| #undef fesetprecision
| 
| /* Override any gcc2 internal prototype to avoid an error.  */
| #ifdef __cplusplus
| extern "C"
| {
| #endif
| /* We use char because int might match the return type of a gcc2
|    builtin and then its argument prototype would still apply.  */
| char fesetprecision ();
| /* The GNU C library defines this for functions which it implements
|     to always fail with ENOSYS.  Some functions are actually named
|     something starting with __ and the normal name is an alias.  */
| #if defined (__stub_fesetprecision) || defined (__stub___fesetprecision)
| choke me
| #else
| char (*f) () = fesetprecision;
| #endif
| #ifdef __cplusplus
| }
| #endif
| 
| int
| main ()
| {
| return f != fesetprecision;
|   ;
|   return 0;
| }
configure:6926: result: no
configure:6839: checking for feenableexcept
configure:6896: gcc -o conftest -g -O2   conftest.c -lm  >&5
configure:6902: $? = 0
configure:6905: test -z 			 || test ! -s conftest.err
configure:6908: $? = 0
configure:6911: test -s conftest
configure:6914: $? = 0
configure:6926: result: yes
configure:6839: checking for getrusage
configure:6896: gcc -o conftest -g -O2   conftest.c -lm  >&5
configure:6902: $? = 0
configure:6905: test -z 			 || test ! -s conftest.err
configure:6908: $? = 0
configure:6911: test -s conftest
configure:6914: $? = 0
configure:6926: result: yes
configure:6839: checking for sbrk
configure:6896: gcc -o conftest -g -O2   conftest.c -lm  >&5
configure:6902: $? = 0
configure:6905: test -z 			 || test ! -s conftest.err
configure:6908: $? = 0
configure:6911: test -s conftest
configure:6914: $? = 0
configure:6926: result: yes
configure:6839: checking for snprintf
configure:6896: gcc -o conftest -g -O2   conftest.c -lm  >&5
conftest.c:73: warning: conflicting types for built-in function 'snprintf'
configure:6902: $? = 0
configure:6905: test -z 			 || test ! -s conftest.err
configure:6908: $? = 0
configure:6911: test -s conftest
configure:6914: $? = 0
configure:6926: result: yes
configure:6937: checking return type of random
configure:6962: gcc -o conftest -g -O2   conftest.c -lm  >&5
configure:6965: $? = 0
configure:6967: ./conftest
configure:6970: $? = 0
configure:6972: result: long
configure:6996: checking for int8_t
configure:7020: gcc -c -g -O2  conftest.c >&5
configure:7026: $? = 0
configure:7029: test -z 			 || test ! -s conftest.err
configure:7032: $? = 0
configure:7035: test -s conftest.o
configure:7038: $? = 0
configure:7049: result: yes
configure:7061: checking for int16_t
configure:7085: gcc -c -g -O2  conftest.c >&5
configure:7091: $? = 0
configure:7094: test -z 			 || test ! -s conftest.err
configure:7097: $? = 0
configure:7100: test -s conftest.o
configure:7103: $? = 0
configure:7114: result: yes
configure:7126: checking for int32_t
configure:7150: gcc -c -g -O2  conftest.c >&5
configure:7156: $? = 0
configure:7159: test -z 			 || test ! -s conftest.err
configure:7162: $? = 0
configure:7165: test -s conftest.o
configure:7168: $? = 0
configure:7179: result: yes
configure:7191: checking for u_int8_t
configure:7215: gcc -c -g -O2  conftest.c >&5
configure:7221: $? = 0
configure:7224: test -z 			 || test ! -s conftest.err
configure:7227: $? = 0
configure:7230: test -s conftest.o
configure:7233: $? = 0
configure:7244: result: yes
configure:7256: checking for u_int16_t
configure:7280: gcc -c -g -O2  conftest.c >&5
configure:7286: $? = 0
configure:7289: test -z 			 || test ! -s conftest.err
configure:7292: $? = 0
configure:7295: test -s conftest.o
configure:7298: $? = 0
configure:7309: result: yes
configure:7321: checking for u_int32_t
configure:7345: gcc -c -g -O2  conftest.c >&5
configure:7351: $? = 0
configure:7354: test -z 			 || test ! -s conftest.err
configure:7357: $? = 0
configure:7360: test -s conftest.o
configure:7363: $? = 0
configure:7374: result: yes
configure:7386: checking for u_char
configure:7410: gcc -c -g -O2  conftest.c >&5
configure:7416: $? = 0
configure:7419: test -z 			 || test ! -s conftest.err
configure:7422: $? = 0
configure:7425: test -s conftest.o
configure:7428: $? = 0
configure:7439: result: yes
configure:7451: checking for u_int
configure:7475: gcc -c -g -O2  conftest.c >&5
configure:7481: $? = 0
configure:7484: test -z 			 || test ! -s conftest.err
configure:7487: $? = 0
configure:7490: test -s conftest.o
configure:7493: $? = 0
configure:7504: result: yes
configure:7523: checking for strtoq
configure:7580: gcc -o conftest -g -O2   conftest.c -lm  >&5
configure:7586: $? = 0
configure:7589: test -z 			 || test ! -s conftest.err
configure:7592: $? = 0
configure:7595: test -s conftest
configure:7598: $? = 0
configure:7610: result: yes
configure:7523: checking for strtoll
configure:7580: gcc -o conftest -g -O2   conftest.c -lm  >&5
configure:7586: $? = 0
configure:7589: test -z 			 || test ! -s conftest.err
configure:7592: $? = 0
configure:7595: test -s conftest
configure:7598: $? = 0
configure:7610: result: yes
configure:7625: checking for long
configure:7649: gcc -c -g -O2  conftest.c >&5
configure:7655: $? = 0
configure:7658: test -z 			 || test ! -s conftest.err
configure:7661: $? = 0
configure:7664: test -s conftest.o
configure:7667: $? = 0
configure:7678: result: yes
configure:7681: checking size of long
configure:7993: gcc -o conftest -g -O2   conftest.c -lm  >&5
configure:7996: $? = 0
configure:7998: ./conftest
configure:8001: $? = 0
configure:8024: result: 4
configure:8126: checking for __int64_t
configure:8146: gcc -o conftest -g -O2   conftest.c -lm  >&5
conftest.c: In function 'main':
conftest.c:55: error: '__int64_t' undeclared (first use in this function)
conftest.c:55: error: (Each undeclared identifier is reported only once
conftest.c:55: error: for each function it appears in.)
conftest.c:55: error: expected ';' before 'x'
conftest.c:55: warning: incompatible implicit declaration of built-in function 'exit'
conftest.c:55: error: 'x' undeclared (first use in this function)
configure:8149: $? = 1
configure: program exited with status 1
configure: failed program was:
| /* confdefs.h.  */
| 
| #define PACKAGE_NAME ""
| #define PACKAGE_TARNAME ""
| #define PACKAGE_VERSION ""
| #define PACKAGE_STRING ""
| #define PACKAGE_BUGREPORT ""
| #define _GNU_SOURCE 1
| #ifdef __cplusplus
| extern "C" void std::exit (int) throw (); using std::exit;
| #endif
| #define STDC_HEADERS 1
| #define HAVE_SYS_TYPES_H 1
| #define HAVE_SYS_STAT_H 1
| #define HAVE_STDLIB_H 1
| #define HAVE_STRING_H 1
| #define HAVE_MEMORY_H 1
| #define HAVE_STRINGS_H 1
| #define HAVE_INTTYPES_H 1
| #define HAVE_STDINT_H 1
| #define HAVE_UNISTD_H 1
| #define HAVE_STRING_H 1
| #define HAVE_STL 1
| #define CPP_REQUIRES_NAMESPACE 1
| #define HAVE_TCL_H 1
| #define HAVE_LIBTCL8_4 1
| #define HAVE_TK_H 1
| #define HAVE_LIBTK8_4 1
| #define HAVE_OTCL_H 1
| #define HAVE_LIBOTCL1_11 1
| #define HAVE_TCLCL_H 1
| #define HAVE_LIBTCLCL 1
| #define STDC_HEADERS 1
| #define HAVE_ARPA_INET_H 1
| #define HAVE_FENV_H 1
| #define HAVE_NETINET_IN_H 1
| #define HAVE_STRING_H 1
| #define HAVE_STRINGS_H 1
| #define HAVE_TIME_H 1
| #define HAVE_UNISTD_H 1
| #define HAVE_NET_ETHERNET_H 1
| #define HAVE_LIBM 1
| #define HAVE_BCOPY 1
| #define HAVE_BZERO 1
| #define HAVE_FEENABLEEXCEPT 1
| #define HAVE_GETRUSAGE 1
| #define HAVE_SBRK 1
| #define HAVE_SNPRINTF 1
| #define RANDOM_RETURN_TYPE long
| #define HAVE_STRTOQ 1
| #define HAVE_STRTOLL 1
| #define SIZEOF_LONG 4
| /* end confdefs.h.  */
| 
| main() { __int64_t x; exit (sizeof(x) >= 8 ? 0 : 1); }
| 
configure:8168: result: no
configure:8174: checking for long long
configure:8194: gcc -o conftest -g -O2   conftest.c -lm  >&5
conftest.c: In function 'main':
conftest.c:55: warning: incompatible implicit declaration of built-in function 'exit'
configure:8197: $? = 0
configure:8199: ./conftest
configure:8202: $? = 0
configure:8216: result: yes
configure:8224: checking for int64_t
configure:8250: result: yes
configure:8260: checking which kind of 64-bit int to use
configure:8272: result: int64_t
configure:8293: checking for struct ether_header
configure:8321: gcc -c -g -O2  conftest.c >&5
configure:8327: $? = 0
configure:8330: test -z 			 || test ! -s conftest.err
configure:8333: $? = 0
configure:8336: test -s conftest.o
configure:8339: $? = 0
configure:8346: result: found
configure:8361: checking for struct ether_addr
configure:8389: gcc -c -g -O2  conftest.c >&5
configure:8395: $? = 0
configure:8398: test -z 			 || test ! -s conftest.err
configure:8401: $? = 0
configure:8404: test -s conftest.o
configure:8407: $? = 0
configure:8414: result: found
configure:8433: checking for addr2ascii
configure:8490: gcc -o conftest -g -O2   conftest.c -lm  >&5
/tmp/ccfpPX53.o: In function `main':
/home/eric/ns/ns-allinone-2.29/ns-2.29/conftest.c:96: undefined reference to `addr2ascii'
/tmp/ccfpPX53.o:(.data+0x0): undefined reference to `addr2ascii'
collect2: ld returned 1 exit status
configure:8496: $? = 1
configure: failed program was:
| /* confdefs.h.  */
| 
| #define PACKAGE_NAME ""
| #define PACKAGE_TARNAME ""
| #define PACKAGE_VERSION ""
| #define PACKAGE_STRING ""
| #define PACKAGE_BUGREPORT ""
| #define _GNU_SOURCE 1
| #ifdef __cplusplus
| extern "C" void std::exit (int) throw (); using std::exit;
| #endif
| #define STDC_HEADERS 1
| #define HAVE_SYS_TYPES_H 1
| #define HAVE_SYS_STAT_H 1
| #define HAVE_STDLIB_H 1
| #define HAVE_STRING_H 1
| #define HAVE_MEMORY_H 1
| #define HAVE_STRINGS_H 1
| #define HAVE_INTTYPES_H 1
| #define HAVE_STDINT_H 1
| #define HAVE_UNISTD_H 1
| #define HAVE_STRING_H 1
| #define HAVE_STL 1
| #define CPP_REQUIRES_NAMESPACE 1
| #define HAVE_TCL_H 1
| #define HAVE_LIBTCL8_4 1
| #define HAVE_TK_H 1
| #define HAVE_LIBTK8_4 1
| #define HAVE_OTCL_H 1
| #define HAVE_LIBOTCL1_11 1
| #define HAVE_TCLCL_H 1
| #define HAVE_LIBTCLCL 1
| #define STDC_HEADERS 1
| #define HAVE_ARPA_INET_H 1
| #define HAVE_FENV_H 1
| #define HAVE_NETINET_IN_H 1
| #define HAVE_STRING_H 1
| #define HAVE_STRINGS_H 1
| #define HAVE_TIME_H 1
| #define HAVE_UNISTD_H 1
| #define HAVE_NET_ETHERNET_H 1
| #define HAVE_LIBM 1
| #define HAVE_BCOPY 1
| #define HAVE_BZERO 1
| #define HAVE_FEENABLEEXCEPT 1
| #define HAVE_GETRUSAGE 1
| #define HAVE_SBRK 1
| #define HAVE_SNPRINTF 1
| #define RANDOM_RETURN_TYPE long
| #define HAVE_STRTOQ 1
| #define HAVE_STRTOLL 1
| #define SIZEOF_LONG 4
| #define HAVE_INT64 1
| #define HAVE_ETHER_HEADER_STRUCT 1
| #define HAVE_ETHER_ADDRESS_STRUCT 1
| /* end confdefs.h.  */
| /* Define addr2ascii to an innocuous variant, in case <limits.h> declares addr2ascii.
|    For example, HP-UX 11i <limits.h> declares gettimeofday.  */
| #define addr2ascii innocuous_addr2ascii
| 
| /* System header to define __stub macros and hopefully few prototypes,
|     which can conflict with char addr2ascii (); below.
|     Prefer <limits.h> to <assert.h> if __STDC__ is defined, since
|     <limits.h> exists even on freestanding compilers.  */
| 
| #ifdef __STDC__
| # include <limits.h>
| #else
| # include <assert.h>
| #endif
| 
| #undef addr2ascii
| 
| /* Override any gcc2 internal prototype to avoid an error.  */
| #ifdef __cplusplus
| extern "C"
| {
| #endif
| /* We use char because int might match the return type of a gcc2
|    builtin and then its argument prototype would still apply.  */
| char addr2ascii ();
| /* The GNU C library defines this for functions which it implements
|     to always fail with ENOSYS.  Some functions are actually named
|     something starting with __ and the normal name is an alias.  */
| #if defined (__stub_addr2ascii) || defined (__stub___addr2ascii)
| choke me
| #else
| char (*f) () = addr2ascii;
| #endif
| #ifdef __cplusplus
| }
| #endif
| 
| int
| main ()
| {
| return f != addr2ascii;
|   ;
|   return 0;
| }
configure:8520: result: no
configure:8551: gcc -o conftest -g -O2   conftest.c -lm  >&5
configure:8554: $? = 0
configure:8556: ./conftest
configure:8559: $? = 0
configure:8577: checking for Linux compliant tcphdr
configure:8606: gcc -c -g -O2  conftest.c >&5
configure:8612: $? = 0
configure:8615: test -z 			 || test ! -s conftest.err
configure:8618: $? = 0
configure:8621: test -s conftest.o
configure:8624: $? = 0
configure:8628: result: found
configure:8643: checking for BSD compliant tcphdr
configure:8672: gcc -c -g -O2  conftest.c >&5
conftest.c: In function 'main':
conftest.c:69: error: 'struct tcphdr' has no member named 'th_sport'
configure:8678: $? = 1
configure: failed program was:
| /* confdefs.h.  */
| 
| #define PACKAGE_NAME ""
| #define PACKAGE_TARNAME ""
| #define PACKAGE_VERSION ""
| #define PACKAGE_STRING ""
| #define PACKAGE_BUGREPORT ""
| #define _GNU_SOURCE 1
| #ifdef __cplusplus
| extern "C" void std::exit (int) throw (); using std::exit;
| #endif
| #define STDC_HEADERS 1
| #define HAVE_SYS_TYPES_H 1
| #define HAVE_SYS_STAT_H 1
| #define HAVE_STDLIB_H 1
| #define HAVE_STRING_H 1
| #define HAVE_MEMORY_H 1
| #define HAVE_STRINGS_H 1
| #define HAVE_INTTYPES_H 1
| #define HAVE_STDINT_H 1
| #define HAVE_UNISTD_H 1
| #define HAVE_STRING_H 1
| #define HAVE_STL 1
| #define CPP_REQUIRES_NAMESPACE 1
| #define HAVE_TCL_H 1
| #define HAVE_LIBTCL8_4 1
| #define HAVE_TK_H 1
| #define HAVE_LIBTK8_4 1
| #define HAVE_OTCL_H 1
| #define HAVE_LIBOTCL1_11 1
| #define HAVE_TCLCL_H 1
| #define HAVE_LIBTCLCL 1
| #define STDC_HEADERS 1
| #define HAVE_ARPA_INET_H 1
| #define HAVE_FENV_H 1
| #define HAVE_NETINET_IN_H 1
| #define HAVE_STRING_H 1
| #define HAVE_STRINGS_H 1
| #define HAVE_TIME_H 1
| #define HAVE_UNISTD_H 1
| #define HAVE_NET_ETHERNET_H 1
| #define HAVE_LIBM 1
| #define HAVE_BCOPY 1
| #define HAVE_BZERO 1
| #define HAVE_FEENABLEEXCEPT 1
| #define HAVE_GETRUSAGE 1
| #define HAVE_SBRK 1
| #define HAVE_SNPRINTF 1
| #define RANDOM_RETURN_TYPE long
| #define HAVE_STRTOQ 1
| #define HAVE_STRTOLL 1
| #define SIZEOF_LONG 4
| #define HAVE_INT64 1
| #define HAVE_ETHER_HEADER_STRUCT 1
| #define HAVE_ETHER_ADDRESS_STRUCT 1
| #define HAVE_SIOCGIFHWADDR 1
| /* end confdefs.h.  */
| 
| #include <stdio.h>
| #include <netinet/tcp.h>
| 
| int
| main ()
| {
| 
| int main()
| {
| 	struct tcphdr *tcp;
| 	tcp->th_sport= 1;
| 
| 	return 0;
| }
| 
|   ;
|   return 0;
| }
configure:8702: result: not found
configure:8708: checking for socklen_t
configure:8731: gcc -c -g -O2  conftest.c >&5
configure:8737: $? = 0
configure:8740: test -z 			 || test ! -s conftest.err
configure:8743: $? = 0
configure:8746: test -s conftest.o
configure:8749: $? = 0
configure:8761: result: yes
configure:8774: checking for main in -lpcap
configure:8798: gcc -o conftest -g -O2   conftest.c -lpcap  -lm  >&5
/usr/bin/ld: cannot find -lpcap
collect2: ld returned 1 exit status
configure:8804: $? = 1
configure: failed program was:
| /* confdefs.h.  */
| 
| #define PACKAGE_NAME ""
| #define PACKAGE_TARNAME ""
| #define PACKAGE_VERSION ""
| #define PACKAGE_STRING ""
| #define PACKAGE_BUGREPORT ""
| #define _GNU_SOURCE 1
| #ifdef __cplusplus
| extern "C" void std::exit (int) throw (); using std::exit;
| #endif
| #define STDC_HEADERS 1
| #define HAVE_SYS_TYPES_H 1
| #define HAVE_SYS_STAT_H 1
| #define HAVE_STDLIB_H 1
| #define HAVE_STRING_H 1
| #define HAVE_MEMORY_H 1
| #define HAVE_STRINGS_H 1
| #define HAVE_INTTYPES_H 1
| #define HAVE_STDINT_H 1
| #define HAVE_UNISTD_H 1
| #define HAVE_STRING_H 1
| #define HAVE_STL 1
| #define CPP_REQUIRES_NAMESPACE 1
| #define HAVE_TCL_H 1
| #define HAVE_LIBTCL8_4 1
| #define HAVE_TK_H 1
| #define HAVE_LIBTK8_4 1
| #define HAVE_OTCL_H 1
| #define HAVE_LIBOTCL1_11 1
| #define HAVE_TCLCL_H 1
| #define HAVE_LIBTCLCL 1
| #define STDC_HEADERS 1
| #define HAVE_ARPA_INET_H 1
| #define HAVE_FENV_H 1
| #define HAVE_NETINET_IN_H 1
| #define HAVE_STRING_H 1
| #define HAVE_STRINGS_H 1
| #define HAVE_TIME_H 1
| #define HAVE_UNISTD_H 1
| #define HAVE_NET_ETHERNET_H 1
| #define HAVE_LIBM 1
| #define HAVE_BCOPY 1
| #define HAVE_BZERO 1
| #define HAVE_FEENABLEEXCEPT 1
| #define HAVE_GETRUSAGE 1
| #define HAVE_SBRK 1
| #define HAVE_SNPRINTF 1
| #define RANDOM_RETURN_TYPE long
| #define HAVE_STRTOQ 1
| #define HAVE_STRTOLL 1
| #define SIZEOF_LONG 4
| #define HAVE_INT64 1
| #define HAVE_ETHER_HEADER_STRUCT 1
| #define HAVE_ETHER_ADDRESS_STRUCT 1
| #define HAVE_SIOCGIFHWADDR 1
| #define HAVE_SOCKLEN_T 1
| /* end confdefs.h.  */
| 
| 
| int
| main ()
| {
| main ();
|   ;
|   return 0;
| }
configure:8829: result: no
configure:8838: checking to make nse
configure:8846: result: no
configure:8894: checking for dlopen in -ldl
configure:8924: gcc -o conftest -g -O2   conftest.c -ldl  -lm  >&5
configure:8930: $? = 0
configure:8933: test -z 			 || test ! -s conftest.err
configure:8936: $? = 0
configure:8939: test -s conftest
configure:8942: $? = 0
configure:8955: result: yes
configure:9146: checking for a BSD-compatible install
configure:9201: result: /usr/bin/install -c
configure:9310: creating ./config.status

## ---------------------- ##
## Running config.status. ##
## ---------------------- ##

This file was extended by config.status, which was
generated by GNU Autoconf 2.59.  Invocation command line was

  CONFIG_FILES    = 
  CONFIG_HEADERS  = 
  CONFIG_LINKS    = 
  CONFIG_COMMANDS = 
  $ ./config.status 

on eric

config.status:744: creating Makefile
config.status:744: creating tcl/lib/ns-autoconf.tcl
config.status:744: creating indep-utils/webtrace-conv/ucb/Makefile
config.status:744: creating indep-utils/webtrace-conv/dec/Makefile
config.status:744: creating indep-utils/webtrace-conv/nlanr/Makefile
config.status:744: creating indep-utils/webtrace-conv/epa/Makefile
config.status:744: creating indep-utils/cmu-scen-gen/setdest/Makefile
config.status:810: creating autoconf.h

## ---------------- ##
## Cache variables. ##
## ---------------- ##

ac_cv_build=i686-pc-linux-gnu
ac_cv_build_alias=i686-pc-linux-gnu
ac_cv_c_compiler_gnu=yes
ac_cv_cxx_compiler_gnu=yes
ac_cv_env_CC_set=
ac_cv_env_CC_value=
ac_cv_env_CFLAGS_set=
ac_cv_env_CFLAGS_value=
ac_cv_env_CPPFLAGS_set=
ac_cv_env_CPPFLAGS_value=
ac_cv_env_CPP_set=
ac_cv_env_CPP_value=
ac_cv_env_CXXFLAGS_set=
ac_cv_env_CXXFLAGS_value=
ac_cv_env_CXX_set=
ac_cv_env_CXX_value=
ac_cv_env_LDFLAGS_set=
ac_cv_env_LDFLAGS_value=
ac_cv_env_build_alias_set=
ac_cv_env_build_alias_value=
ac_cv_env_host_alias_set=
ac_cv_env_host_alias_value=
ac_cv_env_target_alias_set=
ac_cv_env_target_alias_value=
ac_cv_exeext=
ac_cv_func_addr2ascii=no
ac_cv_func_bcopy=yes
ac_cv_func_bzero=yes
ac_cv_func_feenableexcept=yes
ac_cv_func_fesetprecision=no
ac_cv_func_getrusage=yes
ac_cv_func_sbrk=yes
ac_cv_func_snprintf=yes
ac_cv_func_strtoll=yes
ac_cv_func_strtoq=yes
ac_cv_header_arpa_inet_h=yes
ac_cv_header_fenv_h=yes
ac_cv_header_inttypes_h=yes
ac_cv_header_memory_h=yes
ac_cv_header_net_ethernet_h=yes
ac_cv_header_netinet_in_h=yes
ac_cv_header_stdc=yes
ac_cv_header_stdint_h=yes
ac_cv_header_stdlib_h=yes
ac_cv_header_string_h=yes
ac_cv_header_strings_h=yes
ac_cv_header_sys_stat_h=yes
ac_cv_header_sys_types_h=yes
ac_cv_header_time_h=yes
ac_cv_header_unistd_h=yes
ac_cv_host=i686-pc-linux-gnu
ac_cv_host_alias=i686-pc-linux-gnu
ac_cv_lib_Xbsd_main=no
ac_cv_lib_dl_dlopen=yes
ac_cv_lib_dnet_stub_getnodebyname=no
ac_cv_lib_intl_dcgettext=no
ac_cv_lib_m_main=yes
ac_cv_lib_nsl_gethostbyname=yes
ac_cv_lib_pcap_main=no
ac_cv_lib_socket_socket=no
ac_cv_objext=o
ac_cv_path_V_TCLSH=../bin/tclsh8.4
ac_cv_path_install='/usr/bin/install -c'
ac_cv_prog_CPP='gcc -E'
ac_cv_prog_ac_ct_CC=gcc
ac_cv_prog_ac_ct_CXX=g++
ac_cv_prog_cc_g=yes
ac_cv_prog_cc_stdc=
ac_cv_prog_cxx_g=yes
ac_cv_prog_egrep='grep -E'
ac_cv_sizeof_long=4
ac_cv_target=i686-pc-linux-gnu
ac_cv_target_alias=i686-pc-linux-gnu
ac_cv_type_int16_t=yes
ac_cv_type_int32_t=yes
ac_cv_type_int64_t=yes
ac_cv_type_int8_t=yes
ac_cv_type_long=yes
ac_cv_type_socklen_t=yes
ac_cv_type_u_char=yes
ac_cv_type_u_int=yes
ac_cv_type_u_int16_t=yes
ac_cv_type_u_int32_t=yes
ac_cv_type_u_int8_t=yes

## ----------------- ##
## Output variables. ##
## ----------------- ##

CC='gcc'
CFLAGS='-g -O2'
CPP='gcc -E'
CPPFLAGS=''
CPP_NAMESPACE='std'
CXX='g++'
CXXFLAGS='-g -O2'
DEFS='-DHAVE_CONFIG_H'
ECHO_C=''
ECHO_N='-n'
ECHO_T=''
EGREP='grep -E'
EXEEXT=''
INSTALL_DATA='${INSTALL} -m 644'
INSTALL_PROGRAM='${INSTALL}'
INSTALL_SCRIPT='${INSTALL}'
LDFLAGS=''
LIBOBJS=''
LIBS='-lm '
LTLIBOBJS=''
OBJEXT='o'
PACKAGE_BUGREPORT=''
PACKAGE_NAME=''
PACKAGE_STRING=''
PACKAGE_TARNAME=''
PACKAGE_VERSION=''
PATH_SEPARATOR=':'
PERL='/usr/bin/perl'
SHELL='/bin/sh'
V_ALL=''
V_AR='ar cr'
V_BROKEN_OBJ=''
V_CCOPT=' -Wall'
V_DEFINE='-DTCLCL_CLASSINSTVAR  -DNDEBUG -DLINUX_TCP_HEADER -DUSE_SHM'
V_DEFINES='-DHAVE_LIBTCLCL -DHAVE_TCLCL_H -DHAVE_LIBOTCL1_11 -DHAVE_OTCL_H -DHAVE_LIBTK8_4 -DHAVE_TK_H -DHAVE_LIBTCL8_4 -DHAVE_TCL_H '
V_INCLUDE=''
V_INCLUDES='-I/home/eric/ns/ns-allinone-2.29/tclcl-1.17 -I/home/eric/ns/ns-allinone-2.29/otcl-1.11 -I/home/eric/ns/ns-allinone-2.29/include -I/home/eric/ns/ns-allinone-2.29/include -I/usr/include/pcap'
V_LIB=' -lnsl -ldl'
V_LIBRARY_TCL='../lib/tcl8.4'
V_LIBRARY_TK='../lib/tk8.4'
V_LIBS='-L/home/eric/ns/ns-allinone-2.29/tclcl-1.17 -ltclcl -L/home/eric/ns/ns-allinone-2.29/otcl-1.11 -lotcl -L/home/eric/ns/ns-allinone-2.29/lib -ltk8.4 -L/home/eric/ns/ns-allinone-2.29/lib -ltcl8.4'
V_LIB_OTCL='-L/home/eric/ns/ns-allinone-2.29/otcl-1.11 -lotcl'
V_LIB_TCL='-L/home/eric/ns/ns-allinone-2.29/lib -ltcl8.4'
V_LIB_TCLCL='-L/home/eric/ns/ns-allinone-2.29/tclcl-1.17 -ltclcl'
V_LIB_TK='-L/home/eric/ns/ns-allinone-2.29/lib -ltk8.4'
V_LSSCRIPT=''
V_NS_TCL_LIB_STL='$(NS_TCL_LIB_STL)'
V_OBJ=''
V_OBJ_CRYPT=''
V_RANLIB='ranlib'
V_SHELL=''
V_SIGRET='void'
V_STATIC=''
V_STLOBJ='$(OBJ_STL)'
V_TARCMD='tar cfh'
V_TAR_EXTRA=''
V_TAR_TARGET='linux-gnu'
V_TCL2CPP='../tclcl-1.17/tcl2c++'
V_TCLSH='/home/eric/ns/ns-allinone-2.29/bin/tclsh8.4'
V_TCL_LIBRARY_FILES='$(TCL_84_LIBRARY_FILES)'
V_TKDOSNAMES='$(LIBRARY_TK)/optMenu.tcl $(LIBRARY_TK)/scrlbar.tcl'
ac_ct_CC='gcc'
ac_ct_CXX='g++'
bindir='${exec_prefix}/bin'
build='i686-pc-linux-gnu'
build_alias=''
build_cpu='i686'
build_nse=''
build_os='linux-gnu'
build_vendor='pc'
datadir='${prefix}/share'
exec_prefix='${prefix}'
host='i686-pc-linux-gnu'
host_alias=''
host_cpu='i686'
host_os='linux-gnu'
host_vendor='pc'
includedir='${prefix}/include'
infodir='${prefix}/info'
libdir='${exec_prefix}/lib'
libexecdir='${exec_prefix}/libexec'
localstatedir='${prefix}/var'
mandir='${prefix}/man'
oldincludedir='/usr/include'
prefix='/usr/local'
program_transform_name='s,x,x,'
sbindir='${exec_prefix}/sbin'
sharedstatedir='${prefix}/com'
sysconfdir='${prefix}/etc'
target='i686-pc-linux-gnu'
target_alias=''
target_cpu='i686'
target_os='linux-gnu'
target_vendor='pc'

## ----------- ##
## confdefs.h. ##
## ----------- ##

#define CPP_REQUIRES_NAMESPACE 1
#define HAVE_ARPA_INET_H 1
#define HAVE_BCOPY 1
#define HAVE_BZERO 1
#define HAVE_ETHER_ADDRESS_STRUCT 1
#define HAVE_ETHER_HEADER_STRUCT 1
#define HAVE_FEENABLEEXCEPT 1
#define HAVE_FENV_H 1
#define HAVE_GETRUSAGE 1
#define HAVE_INT64 1
#define HAVE_INTTYPES_H 1
#define HAVE_LIBM 1
#define HAVE_LIBOTCL1_11 1
#define HAVE_LIBTCL8_4 1
#define HAVE_LIBTCLCL 1
#define HAVE_LIBTK8_4 1
#define HAVE_MEMORY_H 1
#define HAVE_NETINET_IN_H 1
#define HAVE_NET_ETHERNET_H 1
#define HAVE_OTCL_H 1
#define HAVE_SBRK 1
#define HAVE_SIOCGIFHWADDR 1
#define HAVE_SNPRINTF 1
#define HAVE_SOCKLEN_T 1
#define HAVE_STDINT_H 1
#define HAVE_STDLIB_H 1
#define HAVE_STL 1
#define HAVE_STRINGS_H 1
#define HAVE_STRINGS_H 1
#define HAVE_STRING_H 1
#define HAVE_STRING_H 1
#define HAVE_STRING_H 1
#define HAVE_STRTOLL 1
#define HAVE_STRTOQ 1
#define HAVE_SYS_STAT_H 1
#define HAVE_SYS_TYPES_H 1
#define HAVE_TCLCL_H 1
#define HAVE_TCL_H 1
#define HAVE_TIME_H 1
#define HAVE_TK_H 1
#define HAVE_UNISTD_H 1
#define HAVE_UNISTD_H 1
#define PACKAGE_BUGREPORT ""
#define PACKAGE_NAME ""
#define PACKAGE_STRING ""
#define PACKAGE_TARNAME ""
#define PACKAGE_VERSION ""
#define RANDOM_RETURN_TYPE long
#define SIZEOF_LONG 4
#define STDC_HEADERS 1
#define STDC_HEADERS 1
#define _GNU_SOURCE 1
#endif
#ifdef __cplusplus
extern "C" void std::exit (int) throw (); using std::exit;

configure: exit 0
