This file contains any messages produced by compilers while
running configure, to aid debugging if configure makes a mistake.

It was created by configure, which was
generated by GNU Autoconf 2.59.  Invocation command line was

  $ ./configure 

## --------- ##
## Platform. ##
## --------- ##

hostname = eric
uname -m = i686
uname -r = 3.8.3-103.fc17.i686
uname -s = Linux
uname -v = #1 SMP Mon Mar 18 15:57:42 UTC 2013

/usr/bin/uname -p = i686
/bin/uname -X     = unknown

/bin/arch              = i686
/usr/bin/arch -k       = unknown
/usr/convex/getsysinfo = unknown
hostinfo               = unknown
/bin/machine           = unknown
/usr/bin/oslevel       = unknown
/bin/universe          = unknown

PATH: /home/eric/ns/ns-allinone-2.29/tcl8.4.11/unix
PATH: /home/eric/ns/ns-allinone-2.29/tk8.4.11/unix
PATH: /home/eric/ns/ns-allinone-2.29/bin
PATH: /usr/lib/qt-3.3/bin
PATH: /usr/local/bin
PATH: /usr/bin
PATH: /bin
PATH: /usr/local/sbin
PATH: /usr/sbin
PATH: /home/eric/ns/ns-allinone-2.29/bin
PATH: /home/eric/ns/ns-allinone-2.29/tcl8.4.11/unix
PATH: /home/eric/ns/ns-allinone-2.29/tk8.4.11/unix
PATH: /home/eric/.local/bin
PATH: /home/eric/bin
PATH: /home/eric/ns/ns-allinone-2.29/bin
PATH: /home/eric/ns/ns-allinone-2.29/tcl8.4.11/unix
PATH: /home/eric/ns/ns-allinone-2.29/tk8.4.11/unix


## ----------- ##
## Core tests. ##
## ----------- ##

configure:1427: checking build system type
configure:1445: result: i686-pc-linux-gnu
configure:1453: checking host system type
configure:1467: result: i686-pc-linux-gnu
configure:1475: checking target system type
configure:1489: result: i686-pc-linux-gnu
configure:1550: checking for gcc
configure:1566: found /usr/bin/gcc
configure:1576: result: gcc
configure:1820: checking for C compiler version
configure:1823: gcc --version </dev/null >&5
gcc (GCC) 4.1.2
Copyright (C) 2006 Free Software Foundation, Inc.
This is free software; see the source for copying conditions.  There is NO
warranty; not even for MERCHANTABILITY or FITNESS FOR A PARTICULAR PURPOSE.

configure:1826: $? = 0
configure:1828: gcc -v </dev/null >&5
Using built-in specs.
Target: i686-pc-linux-gnu
Configured with: ./configure --prefix=/usr/local/gcc-4.1.2/ --enable-threads=posix --disable-checking --enable--long-long --enable-languages=c,c++,java --no-create --no-recursion
Thread model: posix
gcc version 4.1.2
configure:1831: $? = 0
configure:1833: gcc -V </dev/null >&5
gcc: '-V' option must have argument
configure:1836: $? = 1
configure:1859: checking for C compiler default output file name
configure:1862: gcc    conftest.c  >&5
configure:1865: $? = 0
configure:1911: result: a.out
configure:1916: checking whether the C compiler works
configure:1922: ./a.out
configure:1925: $? = 0
configure:1942: result: yes
configure:1949: checking whether we are cross compiling
configure:1951: result: no
configure:1954: checking for suffix of executables
configure:1956: gcc -o conftest    conftest.c  >&5
configure:1959: $? = 0
configure:1984: result: 
configure:1990: checking for suffix of object files
configure:2011: gcc -c   conftest.c >&5
configure:2014: $? = 0
configure:2036: result: o
configure:2040: checking whether we are using the GNU C compiler
configure:2064: gcc -c   conftest.c >&5
configure:2070: $? = 0
configure:2073: test -z 			 || test ! -s conftest.err
configure:2076: $? = 0
configure:2079: test -s conftest.o
configure:2082: $? = 0
configure:2095: result: yes
configure:2101: checking whether gcc accepts -g
configure:2122: gcc -c -g  conftest.c >&5
configure:2128: $? = 0
configure:2131: test -z 			 || test ! -s conftest.err
configure:2134: $? = 0
configure:2137: test -s conftest.o
configure:2140: $? = 0
configure:2151: result: yes
configure:2168: checking for gcc option to accept ANSI C
configure:2238: gcc  -c -g -O2  conftest.c >&5
configure:2244: $? = 0
configure:2247: test -z 			 || test ! -s conftest.err
configure:2250: $? = 0
configure:2253: test -s conftest.o
configure:2256: $? = 0
configure:2274: result: none needed
configure:2292: gcc -c -g -O2  conftest.c >&5
conftest.c:2: error: expected '=', ',', ';', 'asm' or '__attribute__' before 'me'
configure:2298: $? = 1
configure: failed program was:
| #ifndef __cplusplus
|   choke me
| #endif
configure:2480: checking for g++
configure:2496: found /usr/bin/g++
configure:2506: result: g++
configure:2522: checking for C++ compiler version
configure:2525: g++ --version </dev/null >&5
g++ (GCC) 4.1.2
Copyright (C) 2006 Free Software Foundation, Inc.
This is free software; see the source for copying conditions.  There is NO
warranty; not even for MERCHANTABILITY or FITNESS FOR A PARTICULAR PURPOSE.

configure:2528: $? = 0
configure:2530: g++ -v </dev/null >&5
Using built-in specs.
Target: i686-pc-linux-gnu
Configured with: ./configure --prefix=/usr/local/gcc-4.1.2/ --enable-threads=posix --disable-checking --enable--long-long --enable-languages=c,c++,java --no-create --no-recursion
Thread model: posix
gcc version 4.1.2
configure:2533: $? = 0
configure:2535: g++ -V </dev/null >&5
g++: '-V' option must have argument
configure:2538: $? = 1
configure:2541: checking whether we are using the GNU C++ compiler
configure:2565: g++ -c   conftest.cc >&5
configure:2571: $? = 0
configure:2574: test -z 			 || test ! -s conftest.err
configure:2577: $? = 0
configure:2580: test -s conftest.o
configure:2583: $? = 0
configure:2596: result: yes
configure:2602: checking whether g++ accepts -g
configure:2623: g++ -c -g  conftest.cc >&5
configure:2629: $? = 0
configure:2632: test -z 			 || test ! -s conftest.err
configure:2635: $? = 0
configure:2638: test -s conftest.o
configure:2641: $? = 0
configure:2652: result: yes
configure:2694: g++ -c -g -O2  conftest.cc >&5
configure:2700: $? = 0
configure:2703: test -z 			 || test ! -s conftest.err
configure:2706: $? = 0
configure:2709: test -s conftest.o
configure:2712: $? = 0
configure:2738: g++ -c -g -O2  conftest.cc >&5
conftest.cc: In function 'int main()':
conftest.cc:13: error: 'exit' was not declared in this scope
configure:2744: $? = 1
configure: failed program was:
| /* confdefs.h.  */
| 
| #define PACKAGE_NAME ""
| #define PACKAGE_TARNAME ""
| #define PACKAGE_VERSION ""
| #define PACKAGE_STRING ""
| #define PACKAGE_BUGREPORT ""
| /* end confdefs.h.  */
| 
| int
| main ()
| {
| exit (42);
|   ;
|   return 0;
| }
configure:2694: g++ -c -g -O2  conftest.cc >&5
configure:2700: $? = 0
configure:2703: test -z 			 || test ! -s conftest.err
configure:2706: $? = 0
configure:2709: test -s conftest.o
configure:2712: $? = 0
configure:2738: g++ -c -g -O2  conftest.cc >&5
configure:2744: $? = 0
configure:2747: test -z 			 || test ! -s conftest.err
configure:2750: $? = 0
configure:2753: test -s conftest.o
configure:2756: $? = 0
configure:2785: checking how to run the C preprocessor
configure:2820: gcc -E  conftest.c
configure:2826: $? = 0
configure:2858: gcc -E  conftest.c
conftest.c:12:28: error: ac_nonexistent.h: No such file or directory
configure:2864: $? = 1
configure: failed program was:
| /* confdefs.h.  */
| 
| #define PACKAGE_NAME ""
| #define PACKAGE_TARNAME ""
| #define PACKAGE_VERSION ""
| #define PACKAGE_STRING ""
| #define PACKAGE_BUGREPORT ""
| #ifdef __cplusplus
| extern "C" void std::exit (int) throw (); using std::exit;
| #endif
| /* end confdefs.h.  */
| #include <ac_nonexistent.h>
configure:2903: result: gcc -E
configure:2927: gcc -E  conftest.c
configure:2933: $? = 0
configure:2965: gcc -E  conftest.c
conftest.c:12:28: error: ac_nonexistent.h: No such file or directory
configure:2971: $? = 1
configure: failed program was:
| /* confdefs.h.  */
| 
| #define PACKAGE_NAME ""
| #define PACKAGE_TARNAME ""
| #define PACKAGE_VERSION ""
| #define PACKAGE_STRING ""
| #define PACKAGE_BUGREPORT ""
| #ifdef __cplusplus
| extern "C" void std::exit (int) throw (); using std::exit;
| #endif
| /* end confdefs.h.  */
| #include <ac_nonexistent.h>
configure:3015: checking for egrep
configure:3025: result: grep -E
configure:3030: checking for ANSI C header files
configure:3055: gcc -c -g -O2  conftest.c >&5
configure:3061: $? = 0
configure:3064: test -z 			 || test ! -s conftest.err
configure:3067: $? = 0
configure:3070: test -s conftest.o
configure:3073: $? = 0
configure:3162: gcc -o conftest -g -O2   conftest.c  >&5
conftest.c: In function 'main':
conftest.c:29: warning: incompatible implicit declaration of built-in function 'exit'
configure:3165: $? = 0
configure:3167: ./conftest
configure:3170: $? = 0
configure:3185: result: yes
configure:3209: checking for sys/types.h
configure:3225: gcc -c -g -O2  conftest.c >&5
configure:3231: $? = 0
configure:3234: test -z 			 || test ! -s conftest.err
configure:3237: $? = 0
configure:3240: test -s conftest.o
configure:3243: $? = 0
configure:3254: result: yes
configure:3209: checking for sys/stat.h
configure:3225: gcc -c -g -O2  conftest.c >&5
configure:3231: $? = 0
configure:3234: test -z 			 || test ! -s conftest.err
configure:3237: $? = 0
configure:3240: test -s conftest.o
configure:3243: $? = 0
configure:3254: result: yes
configure:3209: checking for stdlib.h
configure:3225: gcc -c -g -O2  conftest.c >&5
configure:3231: $? = 0
configure:3234: test -z 			 || test ! -s conftest.err
configure:3237: $? = 0
configure:3240: test -s conftest.o
configure:3243: $? = 0
configure:3254: result: yes
configure:3209: checking for string.h
configure:3225: gcc -c -g -O2  conftest.c >&5
configure:3231: $? = 0
configure:3234: test -z 			 || test ! -s conftest.err
configure:3237: $? = 0
configure:3240: test -s conftest.o
configure:3243: $? = 0
configure:3254: result: yes
configure:3209: checking for memory.h
configure:3225: gcc -c -g -O2  conftest.c >&5
configure:3231: $? = 0
configure:3234: test -z 			 || test ! -s conftest.err
configure:3237: $? = 0
configure:3240: test -s conftest.o
configure:3243: $? = 0
configure:3254: result: yes
configure:3209: checking for strings.h
configure:3225: gcc -c -g -O2  conftest.c >&5
configure:3231: $? = 0
configure:3234: test -z 			 || test ! -s conftest.err
configure:3237: $? = 0
configure:3240: test -s conftest.o
configure:3243: $? = 0
configure:3254: result: yes
configure:3209: checking for inttypes.h
configure:3225: gcc -c -g -O2  conftest.c >&5
configure:3231: $? = 0
configure:3234: test -z 			 || test ! -s conftest.err
configure:3237: $? = 0
configure:3240: test -s conftest.o
configure:3243: $? = 0
configure:3254: result: yes
configure:3209: checking for stdint.h
configure:3225: gcc -c -g -O2  conftest.c >&5
configure:3231: $? = 0
configure:3234: test -z 			 || test ! -s conftest.err
configure:3237: $? = 0
configure:3240: test -s conftest.o
configure:3243: $? = 0
configure:3254: result: yes
configure:3209: checking for unistd.h
configure:3225: gcc -c -g -O2  conftest.c >&5
configure:3231: $? = 0
configure:3234: test -z 			 || test ! -s conftest.err
configure:3237: $? = 0
configure:3240: test -s conftest.o
configure:3243: $? = 0
configure:3254: result: yes
configure:3271: checking for string.h
configure:3276: result: yes
configure:3425: checking for main in -lXbsd
configure:3449: gcc -o conftest -g -O2   conftest.c -lXbsd   >&5
/usr/bin/ld: cannot find -lXbsd
collect2: ld returned 1 exit status
configure:3455: $? = 1
configure: failed program was:
| /* confdefs.h.  */
| 
| #define PACKAGE_NAME ""
| #define PACKAGE_TARNAME ""
| #define PACKAGE_VERSION ""
| #define PACKAGE_STRING ""
| #define PACKAGE_BUGREPORT ""
| #ifdef __cplusplus
| extern "C" void std::exit (int) throw (); using std::exit;
| #endif
| #define STDC_HEADERS 1
| #define HAVE_SYS_TYPES_H 1
| #define HAVE_SYS_STAT_H 1
| #define HAVE_STDLIB_H 1
| #define HAVE_STRING_H 1
| #define HAVE_MEMORY_H 1
| #define HAVE_STRINGS_H 1
| #define HAVE_INTTYPES_H 1
| #define HAVE_STDINT_H 1
| #define HAVE_UNISTD_H 1
| #define HAVE_STRING_H 1
| /* end confdefs.h.  */
| 
| 
| int
| main ()
| {
| main ();
|   ;
|   return 0;
| }
configure:3480: result: no
configure:3486: checking for socket in -lsocket
configure:3516: gcc -o conftest -g -O2   conftest.c -lsocket   >&5
/usr/bin/ld: cannot find -lsocket
collect2: ld returned 1 exit status
configure:3522: $? = 1
configure: failed program was:
| /* confdefs.h.  */
| 
| #define PACKAGE_NAME ""
| #define PACKAGE_TARNAME ""
| #define PACKAGE_VERSION ""
| #define PACKAGE_STRING ""
| #define PACKAGE_BUGREPORT ""
| #ifdef __cplusplus
| extern "C" void std::exit (int) throw (); using std::exit;
| #endif
| #define STDC_HEADERS 1
| #define HAVE_SYS_TYPES_H 1
| #define HAVE_SYS_STAT_H 1
| #define HAVE_STDLIB_H 1
| #define HAVE_STRING_H 1
| #define HAVE_MEMORY_H 1
| #define HAVE_STRINGS_H 1
| #define HAVE_INTTYPES_H 1
| #define HAVE_STDINT_H 1
| #define HAVE_UNISTD_H 1
| #define HAVE_STRING_H 1
| /* end confdefs.h.  */
| 
| /* Override any gcc2 internal prototype to avoid an error.  */
| #ifdef __cplusplus
| extern "C"
| #endif
| /* We use char because int might match the return type of a gcc2
|    builtin and then its argument prototype would still apply.  */
| char socket ();
| int
| main ()
| {
| socket ();
|   ;
|   return 0;
| }
configure:3547: result: no
configure:3553: checking for gethostbyname in -lnsl
configure:3583: gcc -o conftest -g -O2   conftest.c -lnsl   >&5
configure:3589: $? = 0
configure:3592: test -z 			 || test ! -s conftest.err
configure:3595: $? = 0
configure:3598: test -s conftest
configure:3601: $? = 0
configure:3614: result: yes
configure:3620: checking for dcgettext in -lintl
configure:3650: gcc -o conftest -g -O2   conftest.c -lintl   >&5
conftest.c:30: warning: conflicting types for built-in function 'dcgettext'
/usr/bin/ld: cannot find -lintl
collect2: ld returned 1 exit status
configure:3656: $? = 1
configure: failed program was:
| /* confdefs.h.  */
| 
| #define PACKAGE_NAME ""
| #define PACKAGE_TARNAME ""
| #define PACKAGE_VERSION ""
| #define PACKAGE_STRING ""
| #define PACKAGE_BUGREPORT ""
| #ifdef __cplusplus
| extern "C" void std::exit (int) throw (); using std::exit;
| #endif
| #define STDC_HEADERS 1
| #define HAVE_SYS_TYPES_H 1
| #define HAVE_SYS_STAT_H 1
| #define HAVE_STDLIB_H 1
| #define HAVE_STRING_H 1
| #define HAVE_MEMORY_H 1
| #define HAVE_STRINGS_H 1
| #define HAVE_INTTYPES_H 1
| #define HAVE_STDINT_H 1
| #define HAVE_UNISTD_H 1
| #define HAVE_STRING_H 1
| /* end confdefs.h.  */
| 
| /* Override any gcc2 internal prototype to avoid an error.  */
| #ifdef __cplusplus
| extern "C"
| #endif
| /* We use char because int might match the return type of a gcc2
|    builtin and then its argument prototype would still apply.  */
| char dcgettext ();
| int
| main ()
| {
| dcgettext ();
|   ;
|   return 0;
| }
configure:3681: result: no
configure:3687: checking for getnodebyname in -ldnet_stub
configure:3717: gcc -o conftest -g -O2   conftest.c -ldnet_stub   >&5
/usr/bin/ld: cannot find -ldnet_stub
collect2: ld returned 1 exit status
configure:3723: $? = 1
configure: failed program was:
| /* confdefs.h.  */
| 
| #define PACKAGE_NAME ""
| #define PACKAGE_TARNAME ""
| #define PACKAGE_VERSION ""
| #define PACKAGE_STRING ""
| #define PACKAGE_BUGREPORT ""
| #ifdef __cplusplus
| extern "C" void std::exit (int) throw (); using std::exit;
| #endif
| #define STDC_HEADERS 1
| #define HAVE_SYS_TYPES_H 1
| #define HAVE_SYS_STAT_H 1
| #define HAVE_STDLIB_H 1
| #define HAVE_STRING_H 1
| #define HAVE_MEMORY_H 1
| #define HAVE_STRINGS_H 1
| #define HAVE_INTTYPES_H 1
| #define HAVE_STDINT_H 1
| #define HAVE_UNISTD_H 1
| #define HAVE_STRING_H 1
| /* end confdefs.h.  */
| 
| /* Override any gcc2 internal prototype to avoid an error.  */
| #ifdef __cplusplus
| extern "C"
| #endif
| /* We use char because int might match the return type of a gcc2
|    builtin and then its argument prototype would still apply.  */
| char getnodebyname ();
| int
| main ()
| {
| getnodebyname ();
|   ;
|   return 0;
| }
configure:3748: result: no
configure:3794: checking that g++ can handle -O2
configure:3820: gcc -c -g -O2  conftest.c >&5
conftest.c: In function 'main':
conftest.c:29: error: 'error' undeclared (first use in this function)
conftest.c:29: error: (Each undeclared identifier is reported only once
conftest.c:29: error: for each function it appears in.)
conftest.c:33: error: expected ';' before 'int'
configure:3826: $? = 1
configure: failed program was:
| /* confdefs.h.  */
| 
| #define PACKAGE_NAME ""
| #define PACKAGE_TARNAME ""
| #define PACKAGE_VERSION ""
| #define PACKAGE_STRING ""
| #define PACKAGE_BUGREPORT ""
| #ifdef __cplusplus
| extern "C" void std::exit (int) throw (); using std::exit;
| #endif
| #define STDC_HEADERS 1
| #define HAVE_SYS_TYPES_H 1
| #define HAVE_SYS_STAT_H 1
| #define HAVE_STDLIB_H 1
| #define HAVE_STRING_H 1
| #define HAVE_MEMORY_H 1
| #define HAVE_STRINGS_H 1
| #define HAVE_INTTYPES_H 1
| #define HAVE_STDINT_H 1
| #define HAVE_UNISTD_H 1
| #define HAVE_STRING_H 1
| /* end confdefs.h.  */
| 
| int
| main ()
| {
| #if __GNUC__ < 2  || __GNUC_MINOR__ < 8
| 		/* gcc */
| 		error
| 		#endif
| 		#if __GNUC_MINOR__ < 92
| 		/* egcs */
| 		int error;
| 		#endif
| 
|   ;
|   return 0;
| }
configure:3848: result: no
configure:3920: checking standard STL is available
configure:3952: g++ -c -g -O2  conftest.cc >&5
conftest.cc:24:21: error: hash_map: No such file or directory
conftest.cc:25: error: expected template-name before '<' token
conftest.cc:25: error: expected `{' before '<' token
conftest.cc:25: error: expected unqualified-id before '<' token
configure:3958: $? = 1
configure: failed program was:
| /* confdefs.h.  */
| 
| #define PACKAGE_NAME ""
| #define PACKAGE_TARNAME ""
| #define PACKAGE_VERSION ""
| #define PACKAGE_STRING ""
| #define PACKAGE_BUGREPORT ""
| #ifdef __cplusplus
| extern "C" void std::exit (int) throw (); using std::exit;
| #endif
| #define STDC_HEADERS 1
| #define HAVE_SYS_TYPES_H 1
| #define HAVE_SYS_STAT_H 1
| #define HAVE_STDLIB_H 1
| #define HAVE_STRING_H 1
| #define HAVE_MEMORY_H 1
| #define HAVE_STRINGS_H 1
| #define HAVE_INTTYPES_H 1
| #define HAVE_STDINT_H 1
| #define HAVE_UNISTD_H 1
| #define HAVE_STRING_H 1
| /* end confdefs.h.  */
| #include <list>
| 	#include <hash_map>
| 	template <class _T> class tlist : public list <_T> {};
| 
| int
| main ()
| {
| return 0;
| 
|   ;
|   return 0;
| }
configure:3979: result: no
configure:4069: checking for ranlib
configure:4085: found /usr/bin/ranlib
configure:4096: result: ranlib
configure:4114: checking for snprintf
configure:4171: gcc -o conftest -g -O2   conftest.c  >&5
conftest.c:47: warning: conflicting types for built-in function 'snprintf'
configure:4177: $? = 0
configure:4180: test -z 			 || test ! -s conftest.err
configure:4183: $? = 0
configure:4186: test -s conftest
configure:4189: $? = 0
configure:4201: result: yes
configure:4211: checking for ANSI C header files
configure:4366: result: yes
configure:4383: checking for strtoq
configure:4440: gcc -o conftest -g -O2   conftest.c  >&5
configure:4446: $? = 0
configure:4449: test -z 			 || test ! -s conftest.err
configure:4452: $? = 0
configure:4455: test -s conftest
configure:4458: $? = 0
configure:4470: result: yes
configure:4383: checking for strtoll
configure:4440: gcc -o conftest -g -O2   conftest.c  >&5
configure:4446: $? = 0
configure:4449: test -z 			 || test ! -s conftest.err
configure:4452: $? = 0
configure:4455: test -s conftest
configure:4458: $? = 0
configure:4470: result: yes
configure:4485: checking for long
configure:4509: gcc -c -g -O2  conftest.c >&5
configure:4515: $? = 0
configure:4518: test -z 			 || test ! -s conftest.err
configure:4521: $? = 0
configure:4524: test -s conftest.o
configure:4527: $? = 0
configure:4538: result: yes
configure:4541: checking size of long
configure:4853: gcc -o conftest -g -O2   conftest.c  >&5
configure:4856: $? = 0
configure:4858: ./conftest
configure:4861: $? = 0
configure:4884: result: 4
configure:4986: checking for __int64_t
configure:5006: gcc -o conftest -g -O2   conftest.c  >&5
conftest.c: In function 'main':
conftest.c:29: error: '__int64_t' undeclared (first use in this function)
conftest.c:29: error: (Each undeclared identifier is reported only once
conftest.c:29: error: for each function it appears in.)
conftest.c:29: error: expected ';' before 'x'
conftest.c:29: warning: incompatible implicit declaration of built-in function 'exit'
conftest.c:29: error: 'x' undeclared (first use in this function)
configure:5009: $? = 1
configure: program exited with status 1
configure: failed program was:
| /* confdefs.h.  */
| 
| #define PACKAGE_NAME ""
| #define PACKAGE_TARNAME ""
| #define PACKAGE_VERSION ""
| #define PACKAGE_STRING ""
| #define PACKAGE_BUGREPORT ""
| #ifdef __cplusplus
| extern "C" void std::exit (int) throw (); using std::exit;
| #endif
| #define STDC_HEADERS 1
| #define HAVE_SYS_TYPES_H 1
| #define HAVE_SYS_STAT_H 1
| #define HAVE_STDLIB_H 1
| #define HAVE_STRING_H 1
| #define HAVE_MEMORY_H 1
| #define HAVE_STRINGS_H 1
| #define HAVE_INTTYPES_H 1
| #define HAVE_STDINT_H 1
| #define HAVE_UNISTD_H 1
| #define HAVE_STRING_H 1
| #define HAVE_SNPRINTF 1
| #define STDC_HEADERS 1
| #define HAVE_STRTOQ 1
| #define HAVE_STRTOLL 1
| #define SIZEOF_LONG 4
| /* end confdefs.h.  */
| 
| main() { __int64_t x; exit (sizeof(x) >= 8 ? 0 : 1); }
| 
configure:5028: result: no
configure:5034: checking for long long
configure:5054: gcc -o conftest -g -O2   conftest.c  >&5
conftest.c: In function 'main':
conftest.c:29: warning: incompatible implicit declaration of built-in function 'exit'
configure:5057: $? = 0
configure:5059: ./conftest
configure:5062: $? = 0
configure:5076: result: yes
configure:5084: checking for int64_t
configure:5110: result: yes
configure:5121: checking which kind of 64-bit int to use
configure:5134: result: int64_t
configure:5337: checking for tcl.h
configure:5385: result: -I../include
configure:5391: checking for tclInt.h
configure:5439: result: -I../include
configure:5445: checking for libtcl8.4
configure:5509: result: -L../lib -ltcl8.4
configure:5515: checking for init.tcl
configure:5554: result: ../lib/tcl8.4
configure:5571: checking for http.tcl
configure:5610: result: ../lib/tcl8.4/http1.0
configure:5615: checking Tcl http.tcl library
configure:5619: result: yes
configure:5642: checking for tclsh8.4.11
configure:5675: result: no
configure:5642: checking for tclsh8.4
configure:5660: found ../bin/tclsh8.4
configure:5672: result: ../bin/tclsh8.4
configure:5904: checking for tk.h
configure:5952: result: -I../include
configure:5958: checking for libtk8.4
configure:6022: result: -L../lib -ltk8.4
configure:6028: checking for tk.tcl
configure:6067: result: ../lib/tk8.4
configure:6166: checking for otcl.h
configure:6214: result: -I../otcl-1.11
configure:6220: checking for libotcl1.11
configure:6284: result: -L../otcl-1.11 -lotcl
configure:6368: gcc -E  conftest.c
configure:6374: $? = 0
configure:6414: checking for XOpenDisplay in -lX11
configure:6444: gcc -o conftest -g -O2   conftest.c -lX11   >&5
configure:6450: $? = 0
configure:6453: test -z 			 || test ! -s conftest.err
configure:6456: $? = 0
configure:6459: test -s conftest
configure:6462: $? = 0
configure:6475: result: yes
configure:6501: checking for XShmAttach in -lXext
configure:6531: gcc -o conftest -g -O2   conftest.c -lXext -lX11  >&5
configure:6537: $? = 0
configure:6540: test -z 			 || test ! -s conftest.err
configure:6543: $? = 0
configure:6546: test -s conftest
configure:6549: $? = 0
configure:6562: result: yes
configure:6749: checking for dlopen in -ldl
configure:6779: gcc -o conftest -g -O2   conftest.c -ldl   >&5
configure:6785: $? = 0
configure:6788: test -z 			 || test ! -s conftest.err
configure:6791: $? = 0
configure:6794: test -s conftest
configure:6797: $? = 0
configure:6810: result: yes
configure:7001: checking for a BSD-compatible install
configure:7056: result: /usr/bin/install -c
configure:7165: creating ./config.status

## ---------------------- ##
## Running config.status. ##
## ---------------------- ##

This file was extended by config.status, which was
generated by GNU Autoconf 2.59.  Invocation command line was

  CONFIG_FILES    = 
  CONFIG_HEADERS  = 
  CONFIG_LINKS    = 
  CONFIG_COMMANDS = 
  $ ./config.status 

on eric

config.status:738: creating Makefile
config.status:804: creating config.h
config.status:934: config.h is unchanged

## ---------------- ##
## Cache variables. ##
## ---------------- ##

ac_cv_build=i686-pc-linux-gnu
ac_cv_build_alias=i686-pc-linux-gnu
ac_cv_c_compiler_gnu=yes
ac_cv_cxx_compiler_gnu=yes
ac_cv_env_CC_set=
ac_cv_env_CC_value=
ac_cv_env_CFLAGS_set=
ac_cv_env_CFLAGS_value=
ac_cv_env_CPPFLAGS_set=
ac_cv_env_CPPFLAGS_value=
ac_cv_env_CPP_set=
ac_cv_env_CPP_value=
ac_cv_env_CXXFLAGS_set=
ac_cv_env_CXXFLAGS_value=
ac_cv_env_CXX_set=
ac_cv_env_CXX_value=
ac_cv_env_LDFLAGS_set=
ac_cv_env_LDFLAGS_value=
ac_cv_env_build_alias_set=
ac_cv_env_build_alias_value=
ac_cv_env_host_alias_set=
ac_cv_env_host_alias_value=
ac_cv_env_target_alias_set=
ac_cv_env_target_alias_value=
ac_cv_exeext=
ac_cv_func_snprintf=yes
ac_cv_func_strtoll=yes
ac_cv_func_strtoq=yes
ac_cv_header_inttypes_h=yes
ac_cv_header_memory_h=yes
ac_cv_header_stdc=yes
ac_cv_header_stdint_h=yes
ac_cv_header_stdlib_h=yes
ac_cv_header_string_h=yes
ac_cv_header_strings_h=yes
ac_cv_header_sys_stat_h=yes
ac_cv_header_sys_types_h=yes
ac_cv_header_unistd_h=yes
ac_cv_host=i686-pc-linux-gnu
ac_cv_host_alias=i686-pc-linux-gnu
ac_cv_lib_X11_XOpenDisplay=yes
ac_cv_lib_Xbsd_main=no
ac_cv_lib_Xext_XShmAttach=yes
ac_cv_lib_dl_dlopen=yes
ac_cv_lib_dnet_stub_getnodebyname=no
ac_cv_lib_intl_dcgettext=no
ac_cv_lib_nsl_gethostbyname=yes
ac_cv_lib_socket_socket=no
ac_cv_objext=o
ac_cv_path_V_TCLSH=../bin/tclsh8.4
ac_cv_path_install='/usr/bin/install -c'
ac_cv_prog_CPP='gcc -E'
ac_cv_prog_ac_ct_CC=gcc
ac_cv_prog_ac_ct_CXX=g++
ac_cv_prog_ac_ct_RANLIB=ranlib
ac_cv_prog_cc_g=yes
ac_cv_prog_cc_stdc=
ac_cv_prog_cxx_g=yes
ac_cv_prog_egrep='grep -E'
ac_cv_sizeof_long=4
ac_cv_target=i686-pc-linux-gnu
ac_cv_target_alias=i686-pc-linux-gnu
ac_cv_type_int64_t=yes
ac_cv_type_long=yes

## ----------------- ##
## Output variables. ##
## ----------------- ##

CC='gcc'
CFLAGS='-g -O2'
CPP='gcc -E'
CPPFLAGS=''
CXX='g++'
CXXFLAGS='-g -O2'
DEFS='-DHAVE_CONFIG_H'
ECHO_C=''
ECHO_N='-n'
ECHO_T=''
EGREP='grep -E'
EXEEXT=''
INSTALL_DATA='${INSTALL} -m 644'
INSTALL_PROGRAM='${INSTALL}'
INSTALL_SCRIPT='${INSTALL}'
LDFLAGS=''
LIBOBJS=''
LIBS=''
LTLIBOBJS=''
OBJEXT='o'
PACKAGE_BUGREPORT=''
PACKAGE_NAME=''
PACKAGE_STRING=''
PACKAGE_TARNAME=''
PACKAGE_VERSION=''
PATH_SEPARATOR=':'
RANLIB='ranlib'
SHELL='/bin/sh'
V_ALL='libtclcl.a'
V_AR='ar cr'
V_BROKEN_OBJ=''
V_CCOPT=''
V_DEFINE=' -DNDEBUG -DUSE_SHM'
V_DEFINES='-DHAVE_LIBOTCL1_11 -DHAVE_OTCL_H -DHAVE_LIBTK8_4 -DHAVE_TK_H -DHAVE_LIBTCL8_4 -DHAVE_TCLINT_H -DHAVE_TCL_H '
V_INCLUDE=''
V_INCLUDES='-I/home/eric/ns/ns-allinone-2.29/otcl-1.11 -I/home/eric/ns/ns-allinone-2.29/include -I/home/eric/ns/ns-allinone-2.29/include -I/home/eric/ns/ns-allinone-2.29/include'
V_INCLUDE_X11=''
V_LIB=' -lnsl -ldl'
V_LIBRARY_TCL='../lib/tcl8.4'
V_LIBRARY_TK='../lib/tk8.4'
V_LIBS='-L/home/eric/ns/ns-allinone-2.29/otcl-1.11 -lotcl -L/home/eric/ns/ns-allinone-2.29/lib -ltk8.4 -L/home/eric/ns/ns-allinone-2.29/lib -ltcl8.4'
V_LIB_OTCL='-L/home/eric/ns/ns-allinone-2.29/otcl-1.11 -lotcl'
V_LIB_TCL='-L/home/eric/ns/ns-allinone-2.29/lib -ltcl8.4'
V_LIB_TCLCL=''
V_LIB_TK='-L/home/eric/ns/ns-allinone-2.29/lib -ltk8.4'
V_LIB_X11='-lXext -lX11'
V_LSSCRIPT=''
V_NS_TCL_LIB_STL=''
V_OBJ=''
V_OBJ_CRYPT=''
V_RANLIB='ranlib'
V_SHELL=''
V_SIGRET='void'
V_STATIC=''
V_STLOBJ=''
V_TARCMD='tar cfh'
V_TAR_EXTRA=''
V_TAR_TARGET='linux-gnu'
V_TCLSH='/home/eric/ns/ns-allinone-2.29/bin/tclsh8.4'
V_TCL_LIBRARY_FILES='$(TCL_BASE_LIBRARY_FILES) ../lib/tcl8.4/http1.0/http.tcl'
V_TKDOSNAMES='$(LIBRARY_TK)/optMenu.tcl $(LIBRARY_TK)/scrlbar.tcl'
ac_ct_CC='gcc'
ac_ct_CXX='g++'
ac_ct_RANLIB='ranlib'
bindir='${exec_prefix}/bin'
build='i686-pc-linux-gnu'
build_alias=''
build_cpu='i686'
build_os='linux-gnu'
build_vendor='pc'
datadir='${prefix}/share'
exec_prefix='${prefix}'
host='i686-pc-linux-gnu'
host_alias=''
host_cpu='i686'
host_os='linux-gnu'
host_vendor='pc'
includedir='${prefix}/include'
infodir='${prefix}/info'
libdir='${exec_prefix}/lib'
libexecdir='${exec_prefix}/libexec'
localstatedir='${prefix}/var'
mandir='${prefix}/man'
oldincludedir='/usr/include'
prefix='/usr/local'
program_transform_name='s,x,x,'
sbindir='${exec_prefix}/sbin'
sharedstatedir='${prefix}/com'
sysconfdir='${prefix}/etc'
target='i686-pc-linux-gnu'
target_alias=''
target_cpu='i686'
target_os='linux-gnu'
target_vendor='pc'

## ----------- ##
## confdefs.h. ##
## ----------- ##

#define HAVE_INT64 1
#define HAVE_INTTYPES_H 1
#define HAVE_LIBOTCL1_11 1
#define HAVE_LIBTCL8_4 1
#define HAVE_LIBTK8_4 1
#define HAVE_MEMORY_H 1
#define HAVE_OTCL_H 1
#define HAVE_SNPRINTF 1
#define HAVE_STDINT_H 1
#define HAVE_STDLIB_H 1
#define HAVE_STRINGS_H 1
#define HAVE_STRING_H 1
#define HAVE_STRING_H 1
#define HAVE_STRTOLL 1
#define HAVE_STRTOQ 1
#define HAVE_SYS_STAT_H 1
#define HAVE_SYS_TYPES_H 1
#define HAVE_TCLINT_H 1
#define HAVE_TCL_H 1
#define HAVE_TK_H 1
#define HAVE_UNISTD_H 1
#define PACKAGE_BUGREPORT ""
#define PACKAGE_NAME ""
#define PACKAGE_STRING ""
#define PACKAGE_TARNAME ""
#define PACKAGE_VERSION ""
#define SIZEOF_LONG 4
#define STDC_HEADERS 1
#define STDC_HEADERS 1
#endif
#ifdef __cplusplus
extern "C" void std::exit (int) throw (); using std::exit;

configure: exit 0
